#! /c/iverilog/bin/vvp
:ivl_version "0.9.7 " "(v0_9_7)";
:vpi_time_precision - 9;
:vpi_module "system";
:vpi_module "v2005_math";
:vpi_module "va_math";
S_0118BC48 .scope module, "scc_tb" "scc_tb" 2 3;
 .timescale -9 -9;
P_011936FC .param/l "MEM_BYTES" 2 5, C4<010000000000000000>;
v011DF578_0 .var "clk_en_tb", 0 0;
v011DF940_0 .var "clk_tb", 0 0;
v011DFA48_0 .net "data_memory_in_v_tb", 31 0, v011D9AA0_0; 1 drivers
v011DFBA8 .array "dut_mem", 65535 0, 7 0;
v011DF628_0 .net "err_bits_tb", 1 0, C4<zz>; 0 drivers
v011DFC00_0 .net "halt_f_tb", 0 0, v011DBFA0_0; 1 drivers
v011DFD08_0 .net "instruction_memory_v_tb", 31 0, v011D9890_0; 1 drivers
v011DFC58_0 .var "rst_tb", 0 0;
S_0118C220 .scope module, "dut" "scc_f25_top" 2 16, 3 1, S_0118BC48;
 .timescale -9 -9;
v011DF4C8_0 .net "clk", 0 0, v011DF940_0; 1 drivers
v011DF6D8_0 .net "clk_en", 0 0, v011DF578_0; 1 drivers
v011DF520_0 .net "data_memory_a", 31 0, v011D9208_0; 1 drivers
v011DFE10_0 .alias "data_memory_in_v", 31 0, v011DFA48_0;
v011DF680_0 .net "data_memory_out_v", 31 0, v011DE340_0; 1 drivers
v011DF838_0 .net "data_memory_read", 0 0, v011D9260_0; 1 drivers
v011DFE68_0 .net "data_memory_write", 0 0, v011D8DE8_0; 1 drivers
v011DF8E8_0 .alias "err_bits", 1 0, v011DF628_0;
v011DFCB0_0 .alias "halt_f", 0 0, v011DFC00_0;
v011DF998_0 .net "instruction_memory_a", 31 0, v011DCDF0_0; 1 drivers
v011DF890_0 .net "instruction_memory_en", 0 0, v011DCBE0_0; 1 drivers
v011DFB50_0 .alias "instruction_memory_v", 31 0, v011DFD08_0;
v011DF9F0_0 .net "rst", 0 0, v011DFC58_0; 1 drivers
S_0118C440 .scope module, "scc" "scc" 3 18, 4 1, S_0118C220;
 .timescale -9 -9;
v011DE5A8_0 .net "alu_Flag", 0 0, v011DA630_0; 1 drivers
v011DDE18_0 .net "alu_Instruct", 2 0, v011D9EA0_0; 1 drivers
v011DE238_0 .net "alu_Result", 31 0, L_011E0180; 1 drivers
v011DE398_0 .net "b_cond", 3 0, L_011DF788; 1 drivers
v011DDE70_0 .net "branch_Flag", 0 0, v011DA688_0; 1 drivers
v011DE6B0_0 .net "branch_Taken", 0 0, v011DA268_0; 1 drivers
v011DE708_0 .net "clear_flag", 0 0, v011DA000_0; 1 drivers
v011DDDC0_0 .alias "clk", 0 0, v011DF4C8_0;
v011DDFD0_0 .alias "data_memory_a", 31 0, v011DF520_0;
v011DE290_0 .alias "data_memory_in_v", 31 0, v011DFA48_0;
v011DE3F0_0 .alias "data_memory_out_v", 31 0, v011DF680_0;
v011DDF20_0 .alias "data_memory_read", 0 0, v011DF838_0;
v011DE0D8_0 .alias "data_memory_write", 0 0, v011DFE68_0;
v011DDD68_0 .net "destination_reg", 3 0, L_011DF7E0; 1 drivers
v011DE028_0 .net "flag_Extended", 31 0, v011DA2C0_0; 1 drivers
v011DE2E8_0 .net "flag_Flag", 0 0, v011DC418_0; 1 drivers
v011DDCB8_0 .alias "halt_f", 0 0, v011DFC00_0;
v011DDEC8_0 .net "immediate", 15 0, L_011E0230; 1 drivers
v011DE448_0 .net "immediate_Flag", 0 0, v011DC2B8_0; 1 drivers
v011DE4F8_0 .net "instruction", 31 0, v011DC6B8_0; 1 drivers
v011DE130_0 .alias "instruction_memory_v", 31 0, v011DFD08_0;
v011DDF78_0 .net "load_Flag", 0 0, v011DC100_0; 1 drivers
v011DE4A0_0 .alias "memReadEn", 0 0, v011DF890_0;
v011DE970_0 .net "mov_flag", 1 0, v011DC260_0; 1 drivers
v011DE7B8_0 .net "op1_reg", 3 0, L_011E0078; 1 drivers
v011DEA20_0 .net "op2_reg", 3 0, L_011E0128; 1 drivers
v011DE9C8_0 .alias "programCounter", 31 0, v011DF998_0;
v011DE868_0 .net "read_data_1", 31 0, v011DCFA8_0; 1 drivers
v011DEC30_0 .net "read_data_2", 31 0, v011DD058_0; 1 drivers
v011DEA78_0 .net "romRegRead_flag", 0 0, v011DB4F8_0; 1 drivers
v011DE8C0_0 .net "romRegWriteFlag", 0 0, C4<z>; 0 drivers
v011DEAD0_0 .net "romRegWrite_flag", 0 0, v011DB7B8_0; 1 drivers
v011DEB28_0 .net "romWrite_data", 31 0, v011D93C0_0; 1 drivers
v011DEB80_0 .net "rom_data_1", 31 0, v011DB4A0_0; 1 drivers
v011DE810_0 .net "rom_data_2", 31 0, v011DBB80_0; 1 drivers
v011DEBD8_0 .alias "rst", 0 0, v011DF9F0_0;
v011DE918_0 .net "setCatch", 0 0, v011DC3C0_0; 1 drivers
v011DD000_0 .net "set_flag", 0 0, v011DC050_0; 1 drivers
v011DFF18_0 .net "shift_Flag", 0 0, v011DC158_0; 1 drivers
v011DFAA0_0 .net "store_Flag", 0 0, v011DC0A8_0; 1 drivers
v011DFAF8_0 .net "write_data", 31 0, v011D8D90_0; 1 drivers
v011DFF70_0 .net "write_to_reg_Flag", 0 0, v011DBDE8_0; 1 drivers
L_011DF730 .part v011DA2C0_0, 0, 4;
S_0118CDD0 .scope module, "registers" "regs" 4 46, 5 1, S_0118C440;
 .timescale -9 -9;
v011DCB30_0 .alias "clk", 0 0, v011DF4C8_0;
v011DE1E0_0 .array/port v011DE1E0, 0;
v011DCB88_0 .net "dbg_reg0", 31 0, v011DE1E0_0; 1 drivers
v011DE1E0_1 .array/port v011DE1E0, 1;
v011DC558_0 .net "dbg_reg1", 31 0, v011DE1E0_1; 1 drivers
v011DE1E0_10 .array/port v011DE1E0, 10;
v011DC608_0 .net "dbg_reg10", 31 0, v011DE1E0_10; 1 drivers
v011DE1E0_11 .array/port v011DE1E0, 11;
v011DC768_0 .net "dbg_reg11", 31 0, v011DE1E0_11; 1 drivers
v011DE1E0_12 .array/port v011DE1E0, 12;
v011DC818_0 .net "dbg_reg12", 31 0, v011DE1E0_12; 1 drivers
v011DE1E0_13 .array/port v011DE1E0, 13;
v011DD1B8_0 .net "dbg_reg13", 31 0, v011DE1E0_13; 1 drivers
v011DE1E0_14 .array/port v011DE1E0, 14;
v011DD2C0_0 .net "dbg_reg14", 31 0, v011DE1E0_14; 1 drivers
v011DE1E0_2 .array/port v011DE1E0, 2;
v011DD370_0 .net "dbg_reg2", 31 0, v011DE1E0_2; 1 drivers
v011DE1E0_3 .array/port v011DE1E0, 3;
v011DD3C8_0 .net "dbg_reg3", 31 0, v011DE1E0_3; 1 drivers
v011DE1E0_4 .array/port v011DE1E0, 4;
v011DD160_0 .net "dbg_reg4", 31 0, v011DE1E0_4; 1 drivers
v011DE1E0_5 .array/port v011DE1E0, 5;
v011DD210_0 .net "dbg_reg5", 31 0, v011DE1E0_5; 1 drivers
v011DE1E0_6 .array/port v011DE1E0, 6;
v011DD268_0 .net "dbg_reg6", 31 0, v011DE1E0_6; 1 drivers
v011DE1E0_7 .array/port v011DE1E0, 7;
v011DD0B0_0 .net "dbg_reg7", 31 0, v011DE1E0_7; 1 drivers
v011DE1E0_8 .array/port v011DE1E0, 8;
v011DD108_0 .net "dbg_reg8", 31 0, v011DE1E0_8; 1 drivers
v011DE1E0_9 .array/port v011DE1E0, 9;
v011DD318_0 .net "dbg_reg9", 31 0, v011DE1E0_9; 1 drivers
v011DD420_0 .alias "mov_Flag", 1 0, v011DE970_0;
v011DCFA8_0 .var "read_data_1", 31 0;
v011DD058_0 .var "read_data_2", 31 0;
v011DE600_0 .alias "read_reg_1", 3 0, v011DE7B8_0;
v011DE658_0 .alias "read_reg_2", 3 0, v011DEA20_0;
v011DE1E0 .array "regs", 14 0, 31 0;
v011DE080_0 .alias "romRegWriteFlag", 0 0, v011DEAD0_0;
v011DDD10_0 .alias "rst", 0 0, v011DF9F0_0;
v011DE340_0 .var "store_data", 31 0;
v011DE550_0 .alias "write_data", 31 0, v011DFAF8_0;
v011DE760_0 .alias "write_reg", 3 0, v011DDD68_0;
v011DE188_0 .alias "write_to_reg_Flag", 0 0, v011DFF70_0;
E_01193F98/0 .event edge, v011DC310_0, v011DE1E0_0, v011DE1E0_1, v011DE1E0_2;
E_01193F98/1 .event edge, v011DE1E0_3, v011DE1E0_4, v011DE1E0_5, v011DE1E0_6;
E_01193F98/2 .event edge, v011DE1E0_7, v011DE1E0_8, v011DE1E0_9, v011DE1E0_10;
E_01193F98/3 .event edge, v011DE1E0_11, v011DE1E0_12, v011DE1E0_13, v011DE1E0_14;
E_01193F98/4 .event edge, v011DC368_0, v011DC1B0_0;
E_01193F98 .event/or E_01193F98/0, E_01193F98/1, E_01193F98/2, E_01193F98/3, E_01193F98/4;
S_0118D210 .scope module, "instruction_fetch" "inf" 4 62, 6 1, S_0118C440;
 .timescale -9 -9;
v011DC660_0 .var "branchDefine", 3 0;
v011DCC38_0 .alias "branchFlag", 0 0, v011DE6B0_0;
v011DCEA0_0 .var "branchImmediate", 31 0;
v011DCA28_0 .var "branchOp", 1 0;
v011DCC90_0 .alias "clk", 0 0, v011DF4C8_0;
v011DC7C0_0 .alias "data_out1", 31 0, v011DEB80_0;
v011DCA80_0 .alias "data_out2", 31 0, v011DE810_0;
v011DCEF8_0 .net "flags", 3 0, L_011DF730; 1 drivers
v011DC6B8_0 .var "instruction", 31 0;
v011DC8C8_0 .alias "instruction_mem", 31 0, v011DFD08_0;
v011DCCE8_0 .net "instruction_rom", 31 0, v011DBAD0_0; 1 drivers
v011DCBE0_0 .var "memReadEn", 0 0;
v011DCD40_0 .alias "mov_flag", 1 0, v011DE970_0;
v011DC920_0 .alias "op1Reg_sel", 3 0, v011DE7B8_0;
v011DCD98_0 .alias "op2Reg_sel", 3 0, v011DEA20_0;
v011DCDF0_0 .var "programCounter", 31 0;
v011DC5B0_0 .net "romCatch", 0 0, v011DBCE0_0; 1 drivers
v011DCE48_0 .alias "romRegRead_flag", 0 0, v011DEA78_0;
v011DCAD8_0 .alias "romRegWrite_flag", 0 0, v011DEAD0_0;
v011DC9D0_0 .alias "rst", 0 0, v011DF9F0_0;
v011DC4A8_0 .alias "setCatch", 0 0, v011DE918_0;
v011DCF50_0 .alias "write_data", 31 0, v011DFAF8_0;
v011DC710_0 .alias "write_reg", 3 0, v011DDD68_0;
v011DC500_0 .alias "write_to_reg_Flag", 0 0, v011DFF70_0;
E_01193DD8 .event edge, v011DBCE0_0, v011DBAD0_0, v011D9890_0;
E_01194218/0 .event edge, v011DBCE0_0, v011D9890_0, v011DCA28_0, v011DC660_0;
E_01194218/1 .event edge, v011D98E8_0, v011DCEA0_0;
E_01194218 .event/or E_01194218/0, E_01194218/1;
L_011DFDB8 .part L_011DF7E0, 0, 2;
L_011DFEC0 .part L_011E0078, 0, 2;
L_011DF5D0 .part L_011E0128, 0, 2;
S_0118C6E8 .scope module, "gbaLIFE" "rom" 6 77, 7 1, S_0118D210;
 .timescale -9 -9;
L_011E0540 .functor BUFZ 32, L_011DFD60, C4<00000000000000000000000000000000>, C4<00000000000000000000000000000000>, C4<00000000000000000000000000000000>;
v011DBE40_0 .net *"_s12", 31 0, L_011DFD60; 1 drivers
v011DB6B0_0 .var "branchDefineRom", 3 0;
v011DB810_0 .alias "branchFlag", 0 0, v011DE6B0_0;
v011DBEF0_0 .var "branchImmediateRom", 15 0;
v011DB868_0 .var "branchOpRom", 1 0;
v011DBB28_0 .alias "clk", 0 0, v011DF4C8_0;
v011DBD38_0 .alias "data_in", 31 0, v011DFAF8_0;
v011DB4A0_0 .var "data_out1", 31 0;
v011DBB80_0 .var "data_out2", 31 0;
v011DB550_0 .net "destReg_sel", 1 0, L_011DFDB8; 1 drivers
v011DB658_0 .alias "flags", 3 0, v011DCEF8_0;
v011DBAD0_0 .var "instruction", 31 0;
v011DB918_0 .var "internalCarry", 0 0;
v011DBC88_0 .alias "mov_flag", 1 0, v011DE970_0;
v011DBC30_0 .var "negFlag", 0 0;
v011DBA78_0 .net "op1Reg_sel", 1 0, L_011DFEC0; 1 drivers
v011DB970_0 .net "op2Reg_sel", 1 0, L_011DF5D0; 1 drivers
v011DBF48_0 .var "originalFlags", 3 0;
v011DB9C8_0 .alias "original_instruct", 31 0, v011DFD08_0;
v011DBBD8_0 .var "preventCatch", 0 0;
v011DBD90_0 .var "programCounter", 15 0;
v011DBCE0_0 .var "romCatch", 0 0;
v011DB5A8 .array "romReg", 3 0, 31 0;
v011DB4F8_0 .var "romRegRead_flag", 0 0;
v011DB7B8_0 .var "romRegWrite_flag", 0 0;
v011DB5A8_0 .array/port v011DB5A8, 0;
v011DBE98_0 .net "romreg0Veiw", 31 0, v011DB5A8_0; 1 drivers
v011DB5A8_1 .array/port v011DB5A8, 1;
v011DBA20_0 .net "romreg1Veiw", 31 0, v011DB5A8_1; 1 drivers
v011DB5A8_2 .array/port v011DB5A8, 2;
v011DB600_0 .net "romreg2Veiw", 31 0, v011DB5A8_2; 1 drivers
v011DB5A8_3 .array/port v011DB5A8, 3;
v011DB708_0 .net "romreg3Veiw", 31 0, v011DB5A8_3; 1 drivers
v011DB760_0 .alias "rst", 0 0, v011DF9F0_0;
v011DC978_0 .alias "setCatch", 0 0, v011DE918_0;
v011DC870_0 .net "write_reg", 31 0, L_011E0540; 1 drivers
E_01193EB8/0 .event edge, v011DBA78_0, v011DB5A8_0, v011DB5A8_1, v011DB5A8_2;
E_01193EB8/1 .event edge, v011DB5A8_3, v011DB970_0;
E_01193EB8 .event/or E_01193EB8/0, E_01193EB8/1;
E_01194258/0 .event edge, v011DBAD0_0, v011DB868_0, v011DB6B0_0, v011DBD90_0;
E_01194258/1 .event edge, v011DBEF0_0;
E_01194258 .event/or E_01194258/0, E_01194258/1;
E_01194238/0 .event edge, v011DBCE0_0, v011DC3C0_0, v011DBD90_0, v011DB658_0;
E_01194238/1 .event edge, v011D9890_0, v011DBC30_0, v011DB5A8_0, v011DB5A8_1;
E_01194238/2 .event edge, v011DB5A8_2, v011DB5A8_3, v011DB708_0, v011DB918_0;
E_01194238/3 .event edge, v011DBF48_0;
E_01194238 .event/or E_01194238/0, E_01194238/1, E_01194238/2, E_01194238/3;
L_011DFD60 .array/port v011DB5A8, L_011DFDB8;
S_0118CF68 .scope module, "the_decoder_forsaken_by_god" "id" 4 85, 8 1, S_0118C440;
 .timescale -9 -9;
v011DA630_0 .var "alu_Flag", 0 0;
v011D9EA0_0 .var "alu_Instruct", 2 0;
v011D9FA8_0 .alias "b_cond", 3 0, v011DE398_0;
v011DA688_0 .var "branch_Flag", 0 0;
v011DA000_0 .var "clear_flag", 0 0;
v011DC1B0_0 .alias "destination_reg", 3 0, v011DDD68_0;
v011DC418_0 .var "flag_Flag", 0 0;
v011DBFA0_0 .var "halt_f", 0 0;
v011DBFF8_0 .alias "immediate", 15 0, v011DDEC8_0;
v011DC2B8_0 .var "immediate_Flag", 0 0;
v011DC208_0 .alias "instruction", 31 0, v011DE4F8_0;
v011DC100_0 .var "load_Flag", 0 0;
v011DC260_0 .var "mov_flag", 1 0;
v011DC310_0 .alias "op1_reg", 3 0, v011DE7B8_0;
v011DC368_0 .alias "op2_reg", 3 0, v011DEA20_0;
v011DC3C0_0 .var "setCatch", 0 0;
v011DC050_0 .var "set_flag", 0 0;
v011DC158_0 .var "shift_Flag", 0 0;
v011DC0A8_0 .var "store_Flag", 0 0;
v011DBDE8_0 .var "write_to_reg_Flag", 0 0;
E_01193F18 .event edge, v011DC208_0;
L_011DF788 .part v011DC6B8_0, 21, 4;
L_011DF7E0 .part v011DC6B8_0, 21, 4;
L_011E0078 .part v011DC6B8_0, 17, 4;
L_011E0128 .part v011DC6B8_0, 13, 4;
L_011E0230 .part v011DC6B8_0, 0, 16;
S_0118B5E8 .scope module, "Execute" "exe" 4 108, 9 2, S_0118C440;
 .timescale -9 -9;
P_0114D0CC .param/l "AL" 9 37, +C4<01110>;
P_0114D0E0 .param/l "CC" 9 26, +C4<011>;
P_0114D0F4 .param/l "CS" 9 25, +C4<010>;
P_0114D108 .param/l "EQ" 9 23, +C4<0>;
P_0114D11C .param/l "GE" 9 33, +C4<01010>;
P_0114D130 .param/l "GT" 9 35, +C4<01100>;
P_0114D144 .param/l "HI" 9 31, +C4<01000>;
P_0114D158 .param/l "LE" 9 36, +C4<01101>;
P_0114D16C .param/l "LS" 9 32, +C4<01001>;
P_0114D180 .param/l "LT" 9 34, +C4<01011>;
P_0114D194 .param/l "MI" 9 27, +C4<0100>;
P_0114D1A8 .param/l "NE" 9 24, +C4<01>;
P_0114D1BC .param/l "NV" 9 38, +C4<01111>;
P_0114D1D0 .param/l "PL" 9 28, +C4<0101>;
P_0114D1E4 .param/l "VC" 9 30, +C4<0111>;
P_0114D1F8 .param/l "VS" 9 29, +C4<0110>;
L_011E0770 .functor OR 1, v011DC100_0, v011DC0A8_0, C4<0>, C4<0>;
L_011E09D8 .functor AND 1, v011DA688_0, L_011E00D0, C4<1>, C4<1>;
L_011E0A80 .functor OR 1, L_011E0770, L_011E09D8, C4<0>, C4<0>;
v011DAA50_0 .net *"_s10", 0 0, L_011E0770; 1 drivers
v011DAB00_0 .net *"_s12", 4 0, L_011E01D8; 1 drivers
v011DAB58_0 .net *"_s15", 0 0, C4<0>; 1 drivers
v011DABB0_0 .net *"_s16", 4 0, C4<00010>; 1 drivers
v011DAC08_0 .net *"_s18", 0 0, L_011E00D0; 1 drivers
v011DA790_0 .net *"_s20", 0 0, L_011E09D8; 1 drivers
v011DA840_0 .net *"_s24", 2 0, C4<001>; 1 drivers
v011DA948_0 .net *"_s3", 0 0, L_011E0288; 1 drivers
v011DA7E8_0 .net *"_s4", 15 0, L_011E0390; 1 drivers
v011DA898_0 .net "aluResult", 31 0, v011D8F48_0; 1 drivers
v011DA9A0_0 .alias "alu_Flag", 0 0, v011DE5A8_0;
v011DA1B8_0 .alias "alu_Instruct", 2 0, v011DDE18_0;
v011DA210_0 .alias "b_cond", 3 0, v011DE398_0;
v011DA268_0 .var "branchTaken", 0 0;
v011DA058_0 .alias "branch_Flag", 0 0, v011DDE70_0;
v011D9C90_0 .net "carry", 0 0, v011D9470_0; 1 drivers
v011DA420_0 .alias "flagFlag", 0 0, v011DE2E8_0;
v011DA2C0_0 .var "flag_Extended", 31 0;
v011D9DF0_0 .net "flags", 3 0, L_011E03E8; 1 drivers
v011DA370_0 .alias "immediate", 15 0, v011DDEC8_0;
v011DA3C8_0 .alias "immediate_Flag", 0 0, v011DE448_0;
v011D9EF8_0 .net "immediate_extended", 31 0, L_011E02E0; 1 drivers
v011DA108_0 .alias "load_Flag", 0 0, v011DDF78_0;
v011DA160_0 .net "mem_operation", 0 0, L_011E0A80; 1 drivers
v011DA318_0 .net "negative", 0 0, v011D8E40_0; 1 drivers
v011DA5D8_0 .alias "op1_reg", 31 0, v011DE868_0;
v011D9CE8_0 .alias "op2_reg", 31 0, v011DEC30_0;
v011DA478_0 .var "operand1", 31 0;
v011D9F50_0 .var "operand2", 31 0;
v011D9D40_0 .net "overflow", 0 0, v011D9680_0; 1 drivers
v011DA4D0_0 .alias "result", 31 0, v011DE238_0;
v011D9E48_0 .alias "romRegRead_flag", 0 0, v011DEA78_0;
v011DA528_0 .alias "rom_data_1", 31 0, v011DEB80_0;
v011DA738_0 .alias "rom_data_2", 31 0, v011DE810_0;
v011DA6E0_0 .var "shiftResult", 31 0;
v011D9D98_0 .alias "shift_Flag", 0 0, v011DFF18_0;
v011DA0B0_0 .alias "store_Flag", 0 0, v011DFAA0_0;
v011DA580_0 .net "zero", 0 0, v011DA9F8_0; 1 drivers
E_01193E38/0 .event edge, v011D9DF0_0, v011DA210_0, v011DA9F8_0, v011D9470_0;
E_01193E38/1 .event edge, v011D8E40_0, v011D9680_0, v011D9D98_0, v011DA1B8_0;
E_01193E38/2 .event edge, v011D8FA0_0, v011D8CE0_0;
E_01193E38 .event/or E_01193E38/0, E_01193E38/1, E_01193E38/2;
E_01193C38/0 .event edge, v011D9E48_0, v011DA528_0, v011D8FA0_0, v011D9310_0;
E_01193C38/1 .event edge, v011D9EF8_0, v011DA738_0, v011D9CE8_0;
E_01193C38 .event/or E_01193C38/0, E_01193C38/1;
L_011E0180 .functor MUXZ 32, v011D8F48_0, v011DA6E0_0, v011DC158_0, C4<>;
L_011E0288 .part L_011E0230, 15, 1;
LS_011E0390_0_0 .concat [ 1 1 1 1], L_011E0288, L_011E0288, L_011E0288, L_011E0288;
LS_011E0390_0_4 .concat [ 1 1 1 1], L_011E0288, L_011E0288, L_011E0288, L_011E0288;
LS_011E0390_0_8 .concat [ 1 1 1 1], L_011E0288, L_011E0288, L_011E0288, L_011E0288;
LS_011E0390_0_12 .concat [ 1 1 1 1], L_011E0288, L_011E0288, L_011E0288, L_011E0288;
L_011E0390 .concat [ 4 4 4 4], LS_011E0390_0_0, LS_011E0390_0_4, LS_011E0390_0_8, LS_011E0390_0_12;
L_011E02E0 .concat [ 16 16 0 0], L_011E0230, L_011E0390;
L_011E03E8 .concat [ 1 1 1 1], v011D9680_0, v011D9470_0, v011DA9F8_0, v011D8E40_0;
L_011E01D8 .concat [ 4 1 0 0], L_011DF788, C4<0>;
L_011E00D0 .cmp/eq 5, L_011E01D8, C4<00010>;
L_011E0440 .functor MUXZ 3, v011D9EA0_0, C4<001>, L_011E0A80, C4<>;
S_0118B6F8 .scope module, "alu_epic" "alu" 9 82, 10 1, S_0118B5E8;
 .timescale -9 -9;
P_0118B894 .param/l "ADD" 10 21, +C4<01>;
P_0118B8A8 .param/l "AND" 10 23, +C4<011>;
P_0118B8BC .param/l "NOT" 10 26, +C4<0110>;
P_0118B8D0 .param/l "OR" 10 24, +C4<0100>;
P_0118B8E4 .param/l "SUB" 10 22, +C4<010>;
P_0118B8F8 .param/l "XOR" 10 25, +C4<0101>;
v011D92B8_0 .alias "aluFlag", 0 0, v011DE5A8_0;
v011D9418_0 .net "alu_Instruction", 2 0, L_011E0440; 1 drivers
v011D9470_0 .var "carry", 0 0;
v011D9730_0 .var "carry_temp", 0 0;
v011D94C8_0 .alias "flagFlag", 0 0, v011DE2E8_0;
v011D8E40_0 .var "negative", 0 0;
v011D9578_0 .var "negative_temp", 0 0;
v011D95D0_0 .net "operand1", 31 0, v011DA478_0; 1 drivers
v011D9628_0 .net "operand2", 31 0, v011D9F50_0; 1 drivers
v011D9680_0 .var "overflow", 0 0;
v011D96D8_0 .var "overflow_temp", 0 0;
v011D8F48_0 .var "result", 31 0;
v011DAAA8_0 .var "temp_result", 32 0;
v011DA9F8_0 .var "zero", 0 0;
v011DA8F0_0 .var "zero_temp", 0 0;
E_01193AF8/0 .event edge, v011D92B8_0, v011D9418_0, v011D95D0_0, v011D9628_0;
E_01193AF8/1 .event edge, v011DAAA8_0, v011D8F48_0, v011D94C8_0, v011DA8F0_0;
E_01193AF8/2 .event edge, v011D96D8_0, v011D9730_0, v011D9578_0;
E_01193AF8 .event/or E_01193AF8/0, E_01193AF8/1, E_01193AF8/2;
S_0118B670 .scope module, "memoryPlease" "mem" 4 129, 11 1, S_0118C440;
 .timescale -9 -9;
v011D91B0_0 .alias "alu_Result", 31 0, v011DE238_0;
v011D8DE8_0 .var "data_memory_write", 0 0;
v011D8E98_0 .alias "load_Flag", 0 0, v011DDF78_0;
v011D9260_0 .var "memRead", 0 0;
v011D9208_0 .var "mem_destination", 31 0;
v011D8EF0_0 .alias "store_Flag", 0 0, v011DFAA0_0;
E_01193A98 .event edge, v011D8FF8_0, v011D9520_0, v011D8EF0_0;
S_0118C660 .scope module, "writeBack" "wb" 4 138, 12 1, S_0118C440;
 .timescale -9 -9;
v011D8FF8_0 .alias "alu_Result", 31 0, v011DE238_0;
v011D8D38_0 .alias "clear_flag", 0 0, v011DE708_0;
v011D8C88_0 .alias "data_memory_in_v", 31 0, v011DFA48_0;
v011D9050_0 .alias "flag_Extended", 31 0, v011DE028_0;
v011D8CE0_0 .alias "imm_in", 15 0, v011DDEC8_0;
v011D9310_0 .alias "immediate_Flag", 0 0, v011DE448_0;
v011D9520_0 .alias "load_Flag", 0 0, v011DDF78_0;
v011D90A8_0 .alias "mov_Flag", 1 0, v011DE970_0;
v011D8D90_0 .var "output_Data", 31 0;
v011D8FA0_0 .alias "reg_in", 31 0, v011DE868_0;
v011D9368_0 .alias "romRegWriteFlag", 0 0, v011DE8C0_0;
v011D93C0_0 .var "romoutput_Data", 31 0;
v011D9158_0 .alias "set_flag", 0 0, v011DD000_0;
E_01193D58/0 .event edge, v011D9368_0, v011D90A8_0, v011D9520_0, v011D9AA0_0;
E_01193D58/1 .event edge, v011D8D38_0, v011D9158_0, v011D8FF8_0, v011D9310_0;
E_01193D58/2 .event edge, v011D8CE0_0, v011D8FA0_0, v011D9050_0;
E_01193D58 .event/or E_01193D58/0, E_01193D58/1, E_01193D58/2;
S_0118C3B8 .scope module, "mem_module" "instruction_and_data" 3 32, 13 1, S_0118C220;
 .timescale -9 -9;
v011D9A48_0 .alias "data_memory_a", 31 0, v011DF520_0;
v011D9AA0_0 .var "data_memory_in_v", 31 0;
v011D9998_0 .alias "data_memory_out_v", 31 0, v011DF680_0;
v011D9838_0 .alias "data_memory_read", 0 0, v011DF838_0;
v011D9C00_0 .alias "data_memory_write", 0 0, v011DFE68_0;
v011D9AF8_0 .alias "halt_f", 0 0, v011DFC00_0;
v011D98E8_0 .alias "instruction_memory_a", 31 0, v011DF998_0;
v011D9B50_0 .alias "instruction_memory_en", 0 0, v011DF890_0;
v011D9890_0 .var "instruction_memory_v", 31 0;
v011D99F0_0 .alias "mem_Clk", 0 0, v011DF4C8_0;
v011D9100 .array "memory", 65535 0, 7 0;
E_01193DB8 .event edge, v011D99F0_0;
E_01193BF8 .event edge, v011D9A48_0;
E_01193C58 .event edge, v011D98E8_0;
S_0118BCD0 .scope begin, "COMPARE" "COMPARE" 2 42, 2 42, S_0118BC48;
 .timescale -9 -9;
v0122AD28_0 .var "addr", 31 0;
v0122AD80_0 .var/i "fd", 31 0;
v0122AEE0_0 .var "got_word", 31 0;
v011D9788_0 .var "line", 255 0;
v011D9BA8_0 .var/i "line_num", 31 0;
v011D9940_0 .var/i "matched", 31 0;
v011D97E0_0 .var "value", 31 0;
E_01193C98 .event posedge, v011D99F0_0;
E_01193E58 .event edge, v011D9AF8_0;
    .scope S_0118CDD0;
T_0 ;
   %ix/load 1, 0, 0;
   %ix/load 3, 14, 0;
   %set/av v011DE1E0, 0, 32;
    %end;
    .thread T_0;
    .scope S_0118CDD0;
T_1 ;
    %wait E_01193F98;
    %ix/getv 3, v011DE600_0;
    %load/av 8, v011DE1E0, 32;
    %set/v v011DCFA8_0, 8, 32;
    %ix/getv 3, v011DE658_0;
    %load/av 8, v011DE1E0, 32;
    %set/v v011DD058_0, 8, 32;
    %ix/getv 3, v011DE760_0;
    %load/av 8, v011DE1E0, 32;
    %set/v v011DE340_0, 8, 32;
    %jmp T_1;
    .thread T_1, $push;
    .scope S_0118CDD0;
T_2 ;
    %wait E_01193C98;
    %load/v 8, v011DDD10_0, 1;
    %mov 9, 0, 1;
    %cmpi/u 8, 0, 2;
    %jmp/0xz  T_2.0, 4;
    %load/v 8, v011DE080_0, 1;
    %mov 9, 0, 1;
    %cmpi/u 8, 0, 2;
    %jmp/0xz  T_2.2, 4;
    %load/v 8, v011DE188_0, 1;
    %mov 9, 0, 2;
    %cmpi/u 8, 1, 3;
    %mov 8, 4, 1;
    %load/v 9, v011DE760_0, 4;
    %mov 13, 0, 2;
    %cmpi/u 9, 14, 6;
    %inv 4, 1;
    %mov 9, 4, 1;
    %and 8, 9, 1;
    %jmp/0xz  T_2.4, 8;
    %load/v 8, v011DD420_0, 2;
    %mov 10, 0, 2;
    %cmpi/u 8, 2, 4;
    %jmp/0xz  T_2.6, 4;
    %ix/load 1, 0, 0;
    %mov 4, 0, 1;
    %jmp/1 T_2.8, 4;
    %load/x1p 40, v011DE760_0, 16;
    %jmp T_2.9;
T_2.8 ;
    %mov 40, 2, 16;
T_2.9 ;
    %mov 8, 40, 16; Move signal select into place
    %ix/load 1, 16, 0;
    %mov 4, 0, 1;
    %jmp/1 T_2.10, 4;
    %load/x1p 40, v011DE550_0, 16;
    %jmp T_2.11;
T_2.10 ;
    %mov 40, 2, 16;
T_2.11 ;
    %mov 24, 40, 16; Move signal select into place
    %ix/getv 3, v011DE760_0;
   %jmp/1 t_0, 4;
   %ix/load 1, 0, 0;
   %set/av v011DE1E0, 8, 32;
t_0 ;
    %jmp T_2.7;
T_2.6 ;
    %load/v 8, v011DE550_0, 32;
    %ix/getv 3, v011DE760_0;
   %jmp/1 t_1, 4;
   %ix/load 1, 0, 0;
   %set/av v011DE1E0, 8, 32;
t_1 ;
T_2.7 ;
    %jmp T_2.5;
T_2.4 ;
    %ix/getv 3, v011DE550_0;
    %load/av 8, v011DE1E0, 32;
    %ix/getv 3, v011DE550_0;
   %jmp/1 t_2, 4;
   %ix/load 1, 0, 0;
   %set/av v011DE1E0, 8, 32;
t_2 ;
T_2.5 ;
T_2.2 ;
    %jmp T_2.1;
T_2.0 ;
   %ix/load 1, 0, 0;
   %ix/load 3, 14, 0;
   %set/av v011DE1E0, 0, 32;
   %ix/load 1, 0, 0;
   %ix/load 3, 13, 0;
   %set/av v011DE1E0, 0, 32;
   %ix/load 1, 0, 0;
   %ix/load 3, 12, 0;
   %set/av v011DE1E0, 0, 32;
   %ix/load 1, 0, 0;
   %ix/load 3, 11, 0;
   %set/av v011DE1E0, 0, 32;
   %ix/load 1, 0, 0;
   %ix/load 3, 10, 0;
   %set/av v011DE1E0, 0, 32;
   %ix/load 1, 0, 0;
   %ix/load 3, 9, 0;
   %set/av v011DE1E0, 0, 32;
   %ix/load 1, 0, 0;
   %ix/load 3, 8, 0;
   %set/av v011DE1E0, 0, 32;
   %ix/load 1, 0, 0;
   %ix/load 3, 7, 0;
   %set/av v011DE1E0, 0, 32;
   %ix/load 1, 0, 0;
   %ix/load 3, 6, 0;
   %set/av v011DE1E0, 0, 32;
   %ix/load 1, 0, 0;
   %ix/load 3, 5, 0;
   %set/av v011DE1E0, 0, 32;
   %ix/load 1, 0, 0;
   %ix/load 3, 4, 0;
   %set/av v011DE1E0, 0, 32;
   %ix/load 1, 0, 0;
   %ix/load 3, 3, 0;
   %set/av v011DE1E0, 0, 32;
   %ix/load 1, 0, 0;
   %ix/load 3, 2, 0;
   %set/av v011DE1E0, 0, 32;
   %ix/load 1, 0, 0;
   %ix/load 3, 1, 0;
   %set/av v011DE1E0, 0, 32;
   %ix/load 1, 0, 0;
   %ix/load 3, 0, 0;
   %set/av v011DE1E0, 0, 32;
T_2.1 ;
    %jmp T_2;
    .thread T_2;
    .scope S_0118C6E8;
T_3 ;
    %set/v v011DBCE0_0, 0, 1;
    %set/v v011DBBD8_0, 0, 1;
    %set/v v011DBC30_0, 0, 1;
    %end;
    .thread T_3;
    .scope S_0118C6E8;
T_4 ;
    %wait E_01194238;
    %load/v 8, v011DBCE0_0, 1;
    %mov 9, 0, 1;
    %cmpi/u 8, 0, 2;
    %mov 8, 4, 1;
    %load/v 9, v011DC978_0, 1;
    %mov 10, 0, 1;
    %cmpi/u 9, 0, 2;
    %mov 9, 4, 1;
    %and 8, 9, 1;
    %jmp/0xz  T_4.0, 8;
    %set/v v011DB4F8_0, 0, 1;
    %set/v v011DB7B8_0, 0, 1;
    %jmp T_4.1;
T_4.0 ;
    %load/v 8, v011DBD90_0, 16;
    %cmpi/u 8, 0, 16;
    %jmp/1 T_4.2, 6;
    %cmpi/u 8, 4, 16;
    %jmp/1 T_4.3, 6;
    %cmpi/u 8, 8, 16;
    %jmp/1 T_4.4, 6;
    %cmpi/u 8, 12, 16;
    %jmp/1 T_4.5, 6;
    %cmpi/u 8, 16, 16;
    %jmp/1 T_4.6, 6;
    %cmpi/u 8, 20, 16;
    %jmp/1 T_4.7, 6;
    %cmpi/u 8, 24, 16;
    %jmp/1 T_4.8, 6;
    %cmpi/u 8, 28, 16;
    %jmp/1 T_4.9, 6;
    %cmpi/u 8, 32, 16;
    %jmp/1 T_4.10, 6;
    %cmpi/u 8, 36, 16;
    %jmp/1 T_4.11, 6;
    %cmpi/u 8, 40, 16;
    %jmp/1 T_4.12, 6;
    %cmpi/u 8, 44, 16;
    %jmp/1 T_4.13, 6;
    %cmpi/u 8, 48, 16;
    %jmp/1 T_4.14, 6;
    %cmpi/u 8, 52, 16;
    %jmp/1 T_4.15, 6;
    %cmpi/u 8, 56, 16;
    %jmp/1 T_4.16, 6;
    %cmpi/u 8, 60, 16;
    %jmp/1 T_4.17, 6;
    %cmpi/u 8, 64, 16;
    %jmp/1 T_4.18, 6;
    %cmpi/u 8, 68, 16;
    %jmp/1 T_4.19, 6;
    %cmpi/u 8, 72, 16;
    %jmp/1 T_4.20, 6;
    %cmpi/u 8, 76, 16;
    %jmp/1 T_4.21, 6;
    %cmpi/u 8, 80, 16;
    %jmp/1 T_4.22, 6;
    %cmpi/u 8, 84, 16;
    %jmp/1 T_4.23, 6;
    %cmpi/u 8, 88, 16;
    %jmp/1 T_4.24, 6;
    %cmpi/u 8, 92, 16;
    %jmp/1 T_4.25, 6;
    %cmpi/u 8, 96, 16;
    %jmp/1 T_4.26, 6;
    %cmpi/u 8, 100, 16;
    %jmp/1 T_4.27, 6;
    %cmpi/u 8, 104, 16;
    %jmp/1 T_4.28, 6;
    %cmpi/u 8, 108, 16;
    %jmp/1 T_4.29, 6;
    %cmpi/u 8, 112, 16;
    %jmp/1 T_4.30, 6;
    %cmpi/u 8, 116, 16;
    %jmp/1 T_4.31, 6;
    %cmpi/u 8, 120, 16;
    %jmp/1 T_4.32, 6;
    %set/v v011DBCE0_0, 0, 1;
    %jmp T_4.34;
T_4.2 ;
    %set/v v011DB4F8_0, 0, 1;
    %set/v v011DB7B8_0, 1, 1;
    %set/v v011DBC30_0, 0, 1;
    %set/v v011DB918_0, 0, 1;
    %load/v 8, v011DB658_0, 4;
    %set/v v011DBF48_0, 8, 4;
    %mov 8, 0, 17;
    %ix/load 1, 17, 0;
    %mov 4, 0, 1;
    %jmp/1 T_4.35, 4;
    %load/x1p 40, v011DB9C8_0, 4;
    %jmp T_4.36;
T_4.35 ;
    %mov 40, 2, 4;
T_4.36 ;
    %mov 25, 40, 4; Move signal select into place
    %mov 29, 0, 4;
    %movi 40, 17, 7;
    %mov 33, 40, 7;
    %set/v v011DBAD0_0, 8, 32;
    %jmp T_4.34;
T_4.3 ;
    %set/v v011DB4F8_0, 0, 1;
    %set/v v011DB7B8_0, 1, 1;
    %ix/load 1, 30, 0;
    %mov 4, 0, 1;
    %jmp/1 T_4.37, 4;
    %load/x1p 8, v011DB9C8_0, 1;
    %jmp T_4.38;
T_4.37 ;
    %mov 8, 2, 1;
T_4.38 ;
; Save base=8 wid=1 in lookaside.
    %jmp/0xz  T_4.39, 8;
    %mov 8, 0, 17;
    %ix/load 1, 13, 0;
    %mov 4, 0, 1;
    %jmp/1 T_4.41, 4;
    %load/x1p 40, v011DB9C8_0, 4;
    %jmp T_4.42;
T_4.41 ;
    %mov 40, 2, 4;
T_4.42 ;
    %mov 25, 40, 4; Move signal select into place
    %movi 40, 1, 4;
    %mov 29, 40, 4;
    %movi 44, 17, 7;
    %mov 33, 44, 7;
    %set/v v011DBAD0_0, 8, 32;
    %jmp T_4.40;
T_4.39 ;
    %load/v 8, v011DB9C8_0, 16; Select 16 out of 32 bits
    %mov 24, 0, 5;
    %movi 40, 1, 4;
    %mov 29, 40, 4;
    %mov 33, 0, 7;
    %set/v v011DBAD0_0, 8, 32;
T_4.40 ;
    %jmp T_4.34;
T_4.4 ;
    %set/v v011DB4F8_0, 1, 1;
    %set/v v011DB7B8_0, 0, 1;
    %movi 8, 901775360, 32;
    %set/v v011DBAD0_0, 8, 32;
    %jmp T_4.34;
T_4.5 ;
    %set/v v011DB4F8_0, 0, 1;
    %set/v v011DB7B8_0, 0, 1;
    %movi 8, 3254779972, 32;
    %set/v v011DBAD0_0, 8, 32;
    %jmp T_4.34;
T_4.6 ;
    %set/v v011DB4F8_0, 0, 1;
    %set/v v011DB7B8_0, 0, 1;
    %movi 8, 3265265676, 32;
    %set/v v011DBAD0_0, 8, 32;
    %jmp T_4.34;
T_4.7 ;
    %load/v 8, v011DBC30_0, 1;
    %mov 9, 0, 31;
    %addi 8, 1, 32;
    %set/v v011DBC30_0, 8, 1;
    %set/v v011DB4F8_0, 1, 1;
    %set/v v011DB7B8_0, 1, 1;
    %movi 8, 1811939328, 32;
    %set/v v011DBAD0_0, 8, 32;
    %jmp T_4.34;
T_4.8 ;
    %set/v v011DB4F8_0, 1, 1;
    %set/v v011DB7B8_0, 1, 1;
    %movi 8, 286326785, 32;
    %set/v v011DBAD0_0, 8, 32;
    %jmp T_4.34;
T_4.9 ;
    %set/v v011DB4F8_0, 1, 1;
    %set/v v011DB7B8_0, 0, 1;
    %movi 8, 901906432, 32;
    %set/v v011DBAD0_0, 8, 32;
    %jmp T_4.34;
T_4.10 ;
    %set/v v011DB4F8_0, 0, 1;
    %set/v v011DB7B8_0, 0, 1;
    %movi 8, 3254779952, 32;
    %set/v v011DBAD0_0, 8, 32;
    %jmp T_4.34;
T_4.11 ;
    %set/v v011DB4F8_0, 0, 1;
    %set/v v011DB7B8_0, 0, 1;
    %movi 8, 3265265676, 32;
    %set/v v011DBAD0_0, 8, 32;
    %jmp T_4.34;
T_4.12 ;
    %load/v 8, v011DBC30_0, 1;
    %mov 9, 0, 31;
    %addi 8, 1, 32;
    %set/v v011DBC30_0, 8, 1;
    %set/v v011DB4F8_0, 1, 1;
    %set/v v011DB7B8_0, 1, 1;
    %movi 8, 1814167552, 32;
    %set/v v011DBAD0_0, 8, 32;
    %jmp T_4.34;
T_4.13 ;
    %set/v v011DB4F8_0, 1, 1;
    %set/v v011DB7B8_0, 1, 1;
    %movi 8, 572653569, 32;
    %set/v v011DBAD0_0, 8, 32;
    %jmp T_4.34;
T_4.14 ;
    %set/v v011DB4F8_0, 1, 1;
    %set/v v011DB7B8_0, 0, 1;
    %movi 8, 935460865, 32;
    %set/v v011DBAD0_0, 8, 32;
    %jmp T_4.34;
T_4.15 ;
    %set/v v011DB4F8_0, 0, 1;
    %set/v v011DB7B8_0, 0, 1;
    %movi 8, 3254779912, 32;
    %set/v v011DBAD0_0, 8, 32;
    %jmp T_4.34;
T_4.16 ;
    %set/v v011DB4F8_0, 1, 1;
    %set/v v011DB7B8_0, 1, 1;
    %movi 8, 1650851840, 32;
    %set/v v011DBAD0_0, 8, 32;
    %ix/load 1, 1, 0;
    %mov 4, 0, 1;
    %jmp/1 T_4.43, 4;
    %load/x1p 8, v011DB658_0, 1;
    %jmp T_4.44;
T_4.43 ;
    %mov 8, 2, 1;
T_4.44 ;
; Save base=8 wid=1 in lookaside.
    %jmp/0xz  T_4.45, 8;
    %set/v v011DB918_0, 1, 1;
T_4.45 ;
    %jmp T_4.34;
T_4.17 ;
    %set/v v011DB4F8_0, 1, 1;
    %set/v v011DB7B8_0, 1, 1;
    %movi 8, 134217729, 32;
    %set/v v011DBAD0_0, 8, 32;
    %jmp T_4.34;
T_4.18 ;
    %set/v v011DB4F8_0, 1, 1;
    %set/v v011DB7B8_0, 1, 1;
    %movi 8, 170000385, 32;
    %set/v v011DBAD0_0, 8, 32;
    %jmp T_4.34;
T_4.19 ;
    %set/v v011DB4F8_0, 1, 1;
    %set/v v011DB7B8_0, 0, 1;
    %movi 8, 901906432, 32;
    %set/v v011DBAD0_0, 8, 32;
    %jmp T_4.34;
T_4.20 ;
    %set/v v011DB4F8_0, 0, 1;
    %set/v v011DB7B8_0, 0, 1;
    %movi 8, 3254779912, 32;
    %set/v v011DBAD0_0, 8, 32;
    %jmp T_4.34;
T_4.21 ;
    %set/v v011DB4F8_0, 0, 1;
    %set/v v011DB7B8_0, 0, 1;
    %movi 8, 3221290980, 32;
    %set/v v011DBAD0_0, 8, 32;
    %jmp T_4.34;
T_4.22 ;
    %set/v v011DB4F8_0, 0, 1;
    %set/v v011DB7B8_0, 0, 1;
    %load/v 8, v011DBC30_0, 1;
    %mov 9, 0, 16;
    %movi 40, 14, 4;
    %mov 25, 40, 4;
    %mov 29, 40, 4; Reuse calculated expression.
    %movi 44, 26, 7;
    %mov 33, 44, 7;
    %set/v v011DBAD0_0, 8, 32;
    %jmp T_4.34;
T_4.23 ;
    %set/v v011DB4F8_0, 0, 1;
    %set/v v011DB7B8_0, 0, 1;
    %movi 8, 3254779916, 32;
    %set/v v011DBAD0_0, 8, 32;
    %jmp T_4.34;
T_4.24 ;
    %set/v v011DB4F8_0, 1, 1;
    %set/v v011DB7B8_0, 1, 1;
    %movi 8, 1818624000, 32;
    %set/v v011DBAD0_0, 8, 32;
    %jmp T_4.34;
T_4.25 ;
    %set/v v011DB4F8_0, 1, 1;
    %set/v v011DB7B8_0, 1, 1;
    %movi 8, 577110017, 32;
    %set/v v011DBAD0_0, 8, 32;
    %jmp T_4.34;
T_4.26 ;
    %set/v v011DB7B8_0, 0, 1;
    %set/v v011DB4F8_0, 1, 1;
    %mov 8, 0, 17;
    %movi 40, 3, 4;
    %mov 25, 40, 4;
    %ix/load 1, 21, 0;
    %mov 4, 0, 1;
    %jmp/1 T_4.47, 4;
    %load/x1p 44, v011DB9C8_0, 4;
    %jmp T_4.48;
T_4.47 ;
    %mov 44, 2, 4;
T_4.48 ;
    %mov 29, 44, 4; Move signal select into place
    %movi 44, 17, 7;
    %mov 33, 44, 7;
    %set/v v011DBAD0_0, 8, 32;
    %jmp T_4.34;
T_4.27 ;
    %ix/load 1, 28, 0;
    %mov 4, 0, 1;
    %jmp/1 T_4.49, 4;
    %load/x1p 8, v011DB9C8_0, 1;
    %jmp T_4.50;
T_4.49 ;
    %mov 8, 2, 1;
T_4.50 ;
; Save base=8 wid=1 in lookaside.
    %jmp/0xz  T_4.51, 8;
    %ix/load 3, 3, 0;
    %mov 4, 0, 1;
    %load/av 8, v011DB5A8, 32;
    %cmpi/u 8, 0, 32;
    %jmp/0xz  T_4.53, 4;
    %ix/load 0, 2, 0;
    %set/x0 v011DBF48_0, 1, 1;
    %jmp T_4.54;
T_4.53 ;
    %ix/load 0, 2, 0;
    %set/x0 v011DBF48_0, 1, 1;
T_4.54 ;
    %ix/load 1, 31, 0;
    %mov 4, 0, 1;
    %jmp/1 T_4.55, 4;
    %load/x1p 11, v011DB708_0, 1;
    %jmp T_4.56;
T_4.55 ;
    %mov 11, 2, 1;
T_4.56 ;
    %mov 8, 11, 1; Move signal select into place
    %mov 9, 0, 2;
    %cmpi/u 8, 1, 3;
    %jmp/0xz  T_4.57, 4;
    %ix/load 0, 3, 0;
    %set/x0 v011DBF48_0, 1, 1;
    %jmp T_4.58;
T_4.57 ;
    %ix/load 0, 3, 0;
    %set/x0 v011DBF48_0, 0, 1;
T_4.58 ;
    %load/v 8, v011DB918_0, 1;
    %ix/load 0, 1, 0;
    %set/x0 v011DBF48_0, 8, 1;
    %ix/load 1, 31, 0;
    %mov 4, 0, 1;
    %jmp/1 T_4.59, 4;
    %load/x1p 8, v011DB708_0, 1;
    %jmp T_4.60;
T_4.59 ;
    %mov 8, 2, 1;
T_4.60 ;
; Save base=8 wid=1 in lookaside.
    %load/v 9, v011DBC30_0, 1;
    %cmp/u 8, 9, 1;
    %jmp/0xz  T_4.61, 4;
    %set/v v011DBF48_0, 0, 4;
    %jmp T_4.62;
T_4.61 ;
    %movi 8, 1, 4;
    %set/v v011DBF48_0, 8, 4;
T_4.62 ;
T_4.51 ;
    %set/v v011DB4F8_0, 0, 1;
    %set/v v011DB7B8_0, 1, 1;
    %load/v 8, v011DBF48_0, 4;
    %cmpi/u 8, 0, 4;
    %jmp/1 T_4.63, 6;
    %cmpi/u 8, 1, 4;
    %jmp/1 T_4.64, 6;
    %cmpi/u 8, 2, 4;
    %jmp/1 T_4.65, 6;
    %cmpi/u 8, 3, 4;
    %jmp/1 T_4.66, 6;
    %cmpi/u 8, 4, 4;
    %jmp/1 T_4.67, 6;
    %cmpi/u 8, 6, 4;
    %jmp/1 T_4.68, 6;
    %cmpi/u 8, 7, 4;
    %jmp/1 T_4.69, 6;
    %cmpi/u 8, 8, 4;
    %jmp/1 T_4.70, 6;
    %cmpi/u 8, 9, 4;
    %jmp/1 T_4.71, 6;
    %cmpi/u 8, 10, 4;
    %jmp/1 T_4.72, 6;
    %movi 8, 1, 32;
    %set/v v011DBAD0_0, 8, 32;
    %jmp T_4.74;
T_4.63 ;
    %set/v v011DBAD0_0, 0, 32;
    %jmp T_4.74;
T_4.64 ;
    %movi 8, 1, 32;
    %set/v v011DBAD0_0, 8, 32;
    %jmp T_4.74;
T_4.65 ;
    %movi 8, 1, 32;
    %set/v v011DBAD0_0, 8, 32;
    %jmp T_4.74;
T_4.66 ;
    %set/v v011DBAD0_0, 0, 32;
    %jmp T_4.74;
T_4.67 ;
    %set/v v011DBAD0_0, 0, 32;
    %jmp T_4.74;
T_4.68 ;
    %movi 8, 1, 32;
    %set/v v011DBAD0_0, 8, 32;
    %jmp T_4.74;
T_4.69 ;
    %set/v v011DBAD0_0, 0, 32;
    %jmp T_4.74;
T_4.70 ;
    %movi 8, 2, 32;
    %set/v v011DBAD0_0, 8, 32;
    %jmp T_4.74;
T_4.71 ;
    %movi 8, 1, 32;
    %set/v v011DBAD0_0, 8, 32;
    %jmp T_4.74;
T_4.72 ;
    %movi 8, 1, 32;
    %set/v v011DBAD0_0, 8, 32;
    %jmp T_4.74;
T_4.74 ;
    %jmp T_4.34;
T_4.28 ;
    %set/v v011DB4F8_0, 0, 1;
    %set/v v011DB7B8_0, 1, 1;
    %load/v 8, v011DBF48_0, 4;
    %cmpi/u 8, 0, 4;
    %jmp/1 T_4.75, 6;
    %cmpi/u 8, 1, 4;
    %jmp/1 T_4.76, 6;
    %cmpi/u 8, 2, 4;
    %jmp/1 T_4.77, 6;
    %cmpi/u 8, 3, 4;
    %jmp/1 T_4.78, 6;
    %cmpi/u 8, 4, 4;
    %jmp/1 T_4.79, 6;
    %cmpi/u 8, 6, 4;
    %jmp/1 T_4.80, 6;
    %cmpi/u 8, 7, 4;
    %jmp/1 T_4.81, 6;
    %cmpi/u 8, 8, 4;
    %jmp/1 T_4.82, 6;
    %cmpi/u 8, 9, 4;
    %jmp/1 T_4.83, 6;
    %cmpi/u 8, 10, 4;
    %jmp/1 T_4.84, 6;
    %movi 8, 33554432, 32;
    %set/v v011DBAD0_0, 8, 32;
    %jmp T_4.86;
T_4.75 ;
    %movi 8, 33554432, 32;
    %set/v v011DBAD0_0, 8, 32;
    %jmp T_4.86;
T_4.76 ;
    %movi 8, 33554433, 32;
    %set/v v011DBAD0_0, 8, 32;
    %jmp T_4.86;
T_4.77 ;
    %movi 8, 33554432, 32;
    %set/v v011DBAD0_0, 8, 32;
    %jmp T_4.86;
T_4.78 ;
    %movi 8, 33587200, 32;
    %set/v v011DBAD0_0, 8, 32;
    %jmp T_4.86;
T_4.79 ;
    %movi 8, 33554432, 32;
    %set/v v011DBAD0_0, 8, 32;
    %jmp T_4.86;
T_4.80 ;
    %movi 8, 33554433, 32;
    %set/v v011DBAD0_0, 8, 32;
    %jmp T_4.86;
T_4.81 ;
    %movi 8, 33587200, 32;
    %set/v v011DBAD0_0, 8, 32;
    %jmp T_4.86;
T_4.82 ;
    %movi 8, 33554433, 32;
    %set/v v011DBAD0_0, 8, 32;
    %jmp T_4.86;
T_4.83 ;
    %movi 8, 33554432, 32;
    %set/v v011DBAD0_0, 8, 32;
    %jmp T_4.86;
T_4.84 ;
    %movi 8, 33554433, 32;
    %set/v v011DBAD0_0, 8, 32;
    %jmp T_4.86;
T_4.86 ;
    %jmp T_4.34;
T_4.29 ;
    %set/v v011DB4F8_0, 0, 1;
    %set/v v011DB7B8_0, 1, 1;
    %load/v 8, v011DBF48_0, 4;
    %cmpi/u 8, 0, 4;
    %jmp/1 T_4.87, 6;
    %cmpi/u 8, 1, 4;
    %jmp/1 T_4.88, 6;
    %cmpi/u 8, 2, 4;
    %jmp/1 T_4.89, 6;
    %cmpi/u 8, 3, 4;
    %jmp/1 T_4.90, 6;
    %cmpi/u 8, 4, 4;
    %jmp/1 T_4.91, 6;
    %cmpi/u 8, 6, 4;
    %jmp/1 T_4.92, 6;
    %cmpi/u 8, 7, 4;
    %jmp/1 T_4.93, 6;
    %cmpi/u 8, 8, 4;
    %jmp/1 T_4.94, 6;
    %cmpi/u 8, 9, 4;
    %jmp/1 T_4.95, 6;
    %cmpi/u 8, 10, 4;
    %jmp/1 T_4.96, 6;
    %movi 8, 2097152, 32;
    %set/v v011DBAD0_0, 8, 32;
    %jmp T_4.98;
T_4.87 ;
    %movi 8, 2097153, 32;
    %set/v v011DBAD0_0, 8, 32;
    %jmp T_4.98;
T_4.88 ;
    %movi 8, 2097152, 32;
    %set/v v011DBAD0_0, 8, 32;
    %jmp T_4.98;
T_4.89 ;
    %movi 8, 2097152, 32;
    %set/v v011DBAD0_0, 8, 32;
    %jmp T_4.98;
T_4.90 ;
    %movi 8, 2097153, 32;
    %set/v v011DBAD0_0, 8, 32;
    %jmp T_4.98;
T_4.91 ;
    %movi 8, 2097152, 32;
    %set/v v011DBAD0_0, 8, 32;
    %jmp T_4.98;
T_4.92 ;
    %movi 8, 2097153, 32;
    %set/v v011DBAD0_0, 8, 32;
    %jmp T_4.98;
T_4.93 ;
    %movi 8, 2097152, 32;
    %set/v v011DBAD0_0, 8, 32;
    %jmp T_4.98;
T_4.94 ;
    %movi 8, 2097153, 32;
    %set/v v011DBAD0_0, 8, 32;
    %jmp T_4.98;
T_4.95 ;
    %movi 8, 2097153, 32;
    %set/v v011DBAD0_0, 8, 32;
    %jmp T_4.98;
T_4.96 ;
    %movi 8, 2097153, 32;
    %set/v v011DBAD0_0, 8, 32;
    %jmp T_4.98;
T_4.98 ;
    %jmp T_4.34;
T_4.30 ;
    %set/v v011DB4F8_0, 0, 1;
    %set/v v011DB7B8_0, 1, 1;
    %load/v 8, v011DBF48_0, 4;
    %cmpi/u 8, 0, 4;
    %jmp/1 T_4.99, 6;
    %cmpi/u 8, 1, 4;
    %jmp/1 T_4.100, 6;
    %cmpi/u 8, 2, 4;
    %jmp/1 T_4.101, 6;
    %cmpi/u 8, 3, 4;
    %jmp/1 T_4.102, 6;
    %cmpi/u 8, 4, 4;
    %jmp/1 T_4.103, 6;
    %cmpi/u 8, 6, 4;
    %jmp/1 T_4.104, 6;
    %cmpi/u 8, 7, 4;
    %jmp/1 T_4.105, 6;
    %cmpi/u 8, 8, 4;
    %jmp/1 T_4.106, 6;
    %cmpi/u 8, 9, 4;
    %jmp/1 T_4.107, 6;
    %cmpi/u 8, 10, 4;
    %jmp/1 T_4.108, 6;
    %movi 8, 35651584, 32;
    %set/v v011DBAD0_0, 8, 32;
    %jmp T_4.110;
T_4.99 ;
    %movi 8, 35651584, 32;
    %set/v v011DBAD0_0, 8, 32;
    %jmp T_4.110;
T_4.100 ;
    %movi 8, 35684352, 32;
    %set/v v011DBAD0_0, 8, 32;
    %jmp T_4.110;
T_4.101 ;
    %movi 8, 35651584, 32;
    %set/v v011DBAD0_0, 8, 32;
    %jmp T_4.110;
T_4.102 ;
    %movi 8, 35651585, 32;
    %set/v v011DBAD0_0, 8, 32;
    %jmp T_4.110;
T_4.103 ;
    %movi 8, 35651584, 32;
    %set/v v011DBAD0_0, 8, 32;
    %jmp T_4.110;
T_4.104 ;
    %movi 8, 35651584, 32;
    %set/v v011DBAD0_0, 8, 32;
    %jmp T_4.110;
T_4.105 ;
    %movi 8, 35684352, 32;
    %set/v v011DBAD0_0, 8, 32;
    %jmp T_4.110;
T_4.106 ;
    %movi 8, 35651584, 32;
    %set/v v011DBAD0_0, 8, 32;
    %jmp T_4.110;
T_4.107 ;
    %movi 8, 35651585, 32;
    %set/v v011DBAD0_0, 8, 32;
    %jmp T_4.110;
T_4.108 ;
    %movi 8, 35651585, 32;
    %set/v v011DBAD0_0, 8, 32;
    %jmp T_4.110;
T_4.110 ;
    %jmp T_4.34;
T_4.31 ;
    %set/v v011DB4F8_0, 1, 1;
    %set/v v011DB7B8_0, 0, 1;
    %load/v 8, v011DBF48_0, 4;
    %cmpi/u 8, 0, 4;
    %jmp/1 T_4.111, 6;
    %cmpi/u 8, 1, 4;
    %jmp/1 T_4.112, 6;
    %cmpi/u 8, 2, 4;
    %jmp/1 T_4.113, 6;
    %cmpi/u 8, 3, 4;
    %jmp/1 T_4.114, 6;
    %cmpi/u 8, 4, 4;
    %jmp/1 T_4.115, 6;
    %cmpi/u 8, 6, 4;
    %jmp/1 T_4.116, 6;
    %cmpi/u 8, 7, 4;
    %jmp/1 T_4.117, 6;
    %cmpi/u 8, 8, 4;
    %jmp/1 T_4.118, 6;
    %cmpi/u 8, 9, 4;
    %jmp/1 T_4.119, 6;
    %cmpi/u 8, 10, 4;
    %jmp/1 T_4.120, 6;
    %movi 8, 1941970944, 32;
    %set/v v011DBAD0_0, 8, 32;
    %jmp T_4.122;
T_4.111 ;
    %movi 8, 1941970944, 32;
    %set/v v011DBAD0_0, 8, 32;
    %jmp T_4.122;
T_4.112 ;
    %movi 8, 1975525376, 32;
    %set/v v011DBAD0_0, 8, 32;
    %jmp T_4.122;
T_4.113 ;
    %movi 8, 1975525376, 32;
    %set/v v011DBAD0_0, 8, 32;
    %jmp T_4.122;
T_4.114 ;
    %movi 8, 1941970944, 32;
    %set/v v011DBAD0_0, 8, 32;
    %jmp T_4.122;
T_4.115 ;
    %movi 8, 1941970944, 32;
    %set/v v011DBAD0_0, 8, 32;
    %jmp T_4.122;
T_4.116 ;
    %movi 8, 1941970944, 32;
    %set/v v011DBAD0_0, 8, 32;
    %jmp T_4.122;
T_4.117 ;
    %movi 8, 1941970944, 32;
    %set/v v011DBAD0_0, 8, 32;
    %jmp T_4.122;
T_4.118 ;
    %movi 8, 1941970944, 32;
    %set/v v011DBAD0_0, 8, 32;
    %jmp T_4.122;
T_4.119 ;
    %movi 8, 1941970944, 32;
    %set/v v011DBAD0_0, 8, 32;
    %jmp T_4.122;
T_4.120 ;
    %movi 8, 1941970944, 32;
    %set/v v011DBAD0_0, 8, 32;
    %jmp T_4.122;
T_4.122 ;
    %jmp T_4.34;
T_4.32 ;
    %set/v v011DBCE0_0, 0, 1;
    %set/v v011DBBD8_0, 1, 1;
    %jmp T_4.34;
T_4.34 ;
T_4.1 ;
    %jmp T_4;
    .thread T_4, $push;
    .scope S_0118C6E8;
T_5 ;
    %wait E_01194258;
    %ix/load 1, 30, 0;
    %mov 4, 0, 1;
    %jmp/1 T_5.0, 4;
    %load/x1p 8, v011DBAD0_0, 2;
    %jmp T_5.1;
T_5.0 ;
    %mov 8, 2, 2;
T_5.1 ;
; Save base=8 wid=2 in lookaside.
    %set/v v011DB868_0, 8, 2;
    %ix/load 1, 25, 0;
    %mov 4, 0, 1;
    %jmp/1 T_5.2, 4;
    %load/x1p 8, v011DBAD0_0, 4;
    %jmp T_5.3;
T_5.2 ;
    %mov 8, 2, 4;
T_5.3 ;
; Save base=8 wid=4 in lookaside.
    %set/v v011DB6B0_0, 8, 4;
    %load/v 8, v011DBAD0_0, 16; Select 16 out of 32 bits
    %set/v v011DBEF0_0, 8, 16;
    %load/v 8, v011DB868_0, 2;
    %mov 10, 0, 2;
    %cmpi/u 8, 3, 4;
    %mov 8, 4, 1;
    %load/v 9, v011DB6B0_0, 4;
    %mov 13, 0, 1;
    %cmpi/u 9, 0, 5;
    %mov 9, 4, 1;
    %and 8, 9, 1;
    %jmp/0xz  T_5.4, 8;
    %load/v 8, v011DBD90_0, 16;
    %load/v 24, v011DBEF0_0, 16;
    %add 8, 24, 16;
    %set/v v011DBD90_0, 8, 16;
    %jmp T_5.5;
T_5.4 ;
    %load/v 8, v011DBD90_0, 16;
    %set/v v011DBD90_0, 8, 16;
T_5.5 ;
    %jmp T_5;
    .thread T_5, $push;
    .scope S_0118C6E8;
T_6 ;
    %wait E_01193C98;
    %load/v 8, v011DB760_0, 1;
    %mov 9, 0, 1;
    %cmpi/u 8, 0, 2;
    %mov 8, 4, 1;
    %load/v 9, v011DBCE0_0, 1;
    %and 8, 9, 1;
    %jmp/0xz  T_6.0, 8;
    %load/v 8, v011DB7B8_0, 1;
    %mov 9, 0, 2;
    %cmpi/u 8, 1, 3;
    %jmp/0xz  T_6.2, 4;
    %load/v 8, v011DBC88_0, 2;
    %mov 10, 0, 2;
    %cmpi/u 8, 2, 4;
    %jmp/0xz  T_6.4, 4;
    %load/v 8, v011DC870_0, 16; Select 16 out of 32 bits
    %ix/load 1, 16, 0;
    %mov 4, 0, 1;
    %jmp/1 T_6.6, 4;
    %load/x1p 40, v011DBD38_0, 16;
    %jmp T_6.7;
T_6.6 ;
    %mov 40, 2, 16;
T_6.7 ;
    %mov 24, 40, 16; Move signal select into place
    %ix/getv 3, v011DB550_0;
   %jmp/1 t_3, 4;
   %ix/load 1, 0, 0;
   %set/av v011DB5A8, 8, 32;
t_3 ;
    %jmp T_6.5;
T_6.4 ;
    %load/v 8, v011DBD38_0, 32;
    %ix/getv 3, v011DB550_0;
   %jmp/1 t_4, 4;
   %ix/load 1, 0, 0;
   %set/av v011DB5A8, 8, 32;
t_4 ;
T_6.5 ;
    %jmp T_6.3;
T_6.2 ;
    %ix/getv 3, v011DB550_0;
    %load/av 8, v011DB5A8, 32;
    %ix/getv 3, v011DB550_0;
   %jmp/1 t_5, 4;
   %ix/load 1, 0, 0;
   %set/av v011DB5A8, 8, 32;
t_5 ;
T_6.3 ;
    %jmp T_6.1;
T_6.0 ;
   %ix/load 1, 0, 0;
   %ix/load 3, 3, 0;
   %set/av v011DB5A8, 0, 32;
   %ix/load 1, 0, 0;
   %ix/load 3, 2, 0;
   %set/av v011DB5A8, 0, 32;
   %ix/load 1, 0, 0;
   %ix/load 3, 1, 0;
   %set/av v011DB5A8, 0, 32;
   %ix/load 1, 0, 0;
   %ix/load 3, 0, 0;
   %set/av v011DB5A8, 0, 32;
T_6.1 ;
    %jmp T_6;
    .thread T_6;
    .scope S_0118C6E8;
T_7 ;
    %wait E_01193C98;
    %load/v 8, v011DC978_0, 1;
    %jmp/0xz  T_7.0, 8;
    %load/v 8, v011DBBD8_0, 1;
    %mov 9, 0, 1;
    %cmpi/u 8, 0, 2;
    %jmp/0xz  T_7.2, 4;
    %set/v v011DBCE0_0, 1, 1;
    %jmp T_7.3;
T_7.2 ;
    %set/v v011DBCE0_0, 0, 1;
T_7.3 ;
T_7.0 ;
    %load/v 8, v011DB760_0, 1;
    %mov 9, 0, 1;
    %cmpi/u 8, 0, 2;
    %mov 8, 4, 1;
    %load/v 9, v011DBCE0_0, 1;
    %and 8, 9, 1;
    %jmp/0xz  T_7.4, 8;
    %load/v 8, v011DB868_0, 2;
    %mov 10, 0, 2;
    %cmpi/u 8, 3, 4;
    %mov 8, 4, 1;
    %load/v 9, v011DB810_0, 1;
    %mov 10, 0, 2;
    %cmpi/u 9, 1, 3;
    %mov 9, 4, 1;
    %and 8, 9, 1;
    %load/v 9, v011DB6B0_0, 4;
    %mov 13, 0, 1;
    %cmpi/u 9, 1, 5;
    %mov 9, 4, 1;
    %and 8, 9, 1;
    %jmp/0xz  T_7.6, 8;
    %load/v 8, v011DBD90_0, 16;
    %load/v 24, v011DBEF0_0, 16;
    %add 8, 24, 16;
    %set/v v011DBD90_0, 8, 16;
    %jmp T_7.7;
T_7.6 ;
    %load/v 8, v011DBD90_0, 16;
    %mov 24, 0, 16;
    %addi 8, 4, 32;
    %set/v v011DBD90_0, 8, 16;
T_7.7 ;
    %jmp T_7.5;
T_7.4 ;
    %movi 8, 65532, 16;
    %set/v v011DBD90_0, 8, 16;
    %set/v v011DBBD8_0, 0, 1;
    %set/v v011DBC30_0, 0, 1;
T_7.5 ;
    %jmp T_7;
    .thread T_7;
    .scope S_0118C6E8;
T_8 ;
    %wait E_01193EB8;
    %ix/getv 3, v011DBA78_0;
    %load/av 8, v011DB5A8, 32;
    %set/v v011DB4A0_0, 8, 32;
    %ix/getv 3, v011DB970_0;
    %load/av 8, v011DB5A8, 32;
    %set/v v011DBB80_0, 8, 32;
    %jmp T_8;
    .thread T_8, $push;
    .scope S_0118D210;
T_9 ;
    %wait E_01194218;
    %load/v 8, v011DC5B0_0, 1;
    %mov 9, 0, 1;
    %cmpi/u 8, 0, 2;
    %jmp/0xz  T_9.0, 4;
    %ix/load 1, 30, 0;
    %mov 4, 0, 1;
    %jmp/1 T_9.2, 4;
    %load/x1p 8, v011DC8C8_0, 2;
    %jmp T_9.3;
T_9.2 ;
    %mov 8, 2, 2;
T_9.3 ;
; Save base=8 wid=2 in lookaside.
    %set/v v011DCA28_0, 8, 2;
    %ix/load 1, 25, 0;
    %mov 4, 0, 1;
    %jmp/1 T_9.4, 4;
    %load/x1p 8, v011DC8C8_0, 4;
    %jmp T_9.5;
T_9.4 ;
    %mov 8, 2, 4;
T_9.5 ;
; Save base=8 wid=4 in lookaside.
    %set/v v011DC660_0, 8, 4;
    %load/v 8, v011DC8C8_0, 16; Select 16 out of 32 bits
    %ix/load 1, 15, 0;
    %mov 4, 0, 1;
    %jmp/1 T_9.6, 4;
    %load/x1p 56, v011DC8C8_0, 1;
    %jmp T_9.7;
T_9.6 ;
    %mov 56, 2, 1;
T_9.7 ;
    %mov 40, 56, 1; Move signal select into place
    %mov 55, 40, 1; Repetition 16
    %mov 54, 40, 1; Repetition 15
    %mov 53, 40, 1; Repetition 14
    %mov 52, 40, 1; Repetition 13
    %mov 51, 40, 1; Repetition 12
    %mov 50, 40, 1; Repetition 11
    %mov 49, 40, 1; Repetition 10
    %mov 48, 40, 1; Repetition 9
    %mov 47, 40, 1; Repetition 8
    %mov 46, 40, 1; Repetition 7
    %mov 45, 40, 1; Repetition 6
    %mov 44, 40, 1; Repetition 5
    %mov 43, 40, 1; Repetition 4
    %mov 42, 40, 1; Repetition 3
    %mov 41, 40, 1; Repetition 2
    %mov 24, 40, 16;
    %set/v v011DCEA0_0, 8, 32;
    %load/v 8, v011DCA28_0, 2;
    %mov 10, 0, 2;
    %cmpi/u 8, 3, 4;
    %mov 8, 4, 1;
    %load/v 9, v011DC660_0, 4;
    %mov 13, 0, 1;
    %cmpi/u 9, 0, 5;
    %mov 9, 4, 1;
    %and 8, 9, 1;
    %jmp/0xz  T_9.8, 8;
    %load/v 8, v011DCDF0_0, 32;
    %load/v 40, v011DCEA0_0, 32;
    %add 8, 40, 32;
    %set/v v011DCDF0_0, 8, 32;
    %jmp T_9.9;
T_9.8 ;
    %load/v 8, v011DCDF0_0, 32;
    %set/v v011DCDF0_0, 8, 32;
T_9.9 ;
T_9.0 ;
    %jmp T_9;
    .thread T_9, $push;
    .scope S_0118D210;
T_10 ;
    %wait E_01193C98;
    %set/v v011DCBE0_0, 1, 1;
    %load/v 8, v011DC9D0_0, 1;
    %mov 9, 0, 1;
    %cmpi/u 8, 0, 2;
    %jmp/0xz  T_10.0, 4;
    %load/v 8, v011DC5B0_0, 1;
    %mov 9, 0, 1;
    %cmpi/u 8, 0, 2;
    %jmp/0xz  T_10.2, 4;
    %load/v 8, v011DC500_0, 1;
    %mov 9, 0, 2;
    %cmpi/u 8, 1, 3;
    %mov 8, 4, 1;
    %load/v 9, v011DC710_0, 4;
    %mov 13, 0, 2;
    %cmpi/u 9, 15, 6;
    %mov 9, 4, 1;
    %and 8, 9, 1;
    %jmp/0xz  T_10.4, 8;
    %load/v 8, v011DCF50_0, 32;
    %set/v v011DCDF0_0, 8, 32;
    %jmp T_10.5;
T_10.4 ;
    %load/v 8, v011DCA28_0, 2;
    %mov 10, 0, 2;
    %cmpi/u 8, 3, 4;
    %mov 8, 4, 1;
    %load/v 9, v011DC660_0, 4;
    %mov 13, 0, 1;
    %cmpi/u 9, 0, 5;
    %mov 9, 4, 1;
    %load/v 10, v011DCC38_0, 1;
    %mov 11, 0, 2;
    %cmpi/u 10, 1, 3;
    %mov 10, 4, 1;
    %load/v 11, v011DC660_0, 4;
    %mov 15, 0, 1;
    %cmpi/u 11, 1, 5;
    %mov 11, 4, 1;
    %and 10, 11, 1;
    %or 9, 10, 1;
    %and 8, 9, 1;
    %jmp/0xz  T_10.6, 8;
    %load/v 8, v011DCDF0_0, 32;
    %load/v 40, v011DCEA0_0, 32;
    %add 8, 40, 32;
    %set/v v011DCDF0_0, 8, 32;
    %jmp T_10.7;
T_10.6 ;
    %load/v 8, v011DCDF0_0, 32;
    %mov 40, 0, 1;
    %addi 8, 4, 33;
    %set/v v011DCDF0_0, 8, 32;
T_10.7 ;
T_10.5 ;
T_10.2 ;
    %jmp T_10.1;
T_10.0 ;
    %set/v v011DCDF0_0, 0, 32;
T_10.1 ;
    %jmp T_10;
    .thread T_10;
    .scope S_0118D210;
T_11 ;
    %wait E_01193DD8;
    %load/v 8, v011DC5B0_0, 1;
    %jmp/0xz  T_11.0, 8;
    %load/v 8, v011DCCE8_0, 32;
    %set/v v011DC6B8_0, 8, 32;
    %jmp T_11.1;
T_11.0 ;
    %load/v 8, v011DC8C8_0, 32;
    %set/v v011DC6B8_0, 8, 32;
T_11.1 ;
    %jmp T_11;
    .thread T_11, $push;
    .scope S_0118CF68;
T_12 ;
    %wait E_01193F18;
    %ix/load 1, 25, 0;
    %mov 4, 0, 1;
    %jmp/1 T_12.0, 4;
    %load/x1p 8, v011DC208_0, 3;
    %jmp T_12.1;
T_12.0 ;
    %mov 8, 2, 3;
T_12.1 ;
; Save base=8 wid=3 in lookaside.
    %ix/load 0, 3, 0;
    %assign/v0 v011D9EA0_0, 0, 8;
    %set/v v011DC3C0_0, 0, 1;
    %ix/load 1, 30, 0;
    %mov 4, 0, 1;
    %jmp/1 T_12.2, 4;
    %load/x1p 8, v011DC208_0, 2;
    %jmp T_12.3;
T_12.2 ;
    %mov 8, 2, 2;
T_12.3 ;
; Save base=8 wid=2 in lookaside.
    %cmpi/u 8, 0, 2;
    %jmp/1 T_12.4, 6;
    %cmpi/u 8, 1, 2;
    %jmp/1 T_12.5, 6;
    %cmpi/u 8, 2, 2;
    %jmp/1 T_12.6, 6;
    %cmpi/u 8, 3, 2;
    %jmp/1 T_12.7, 6;
    %jmp T_12.8;
T_12.4 ;
    %ix/load 0, 1, 0;
    %assign/v0 v011DC100_0, 0, 0;
    %ix/load 0, 1, 0;
    %assign/v0 v011DC0A8_0, 0, 0;
    %set/v v011DA000_0, 0, 1;
    %ix/load 0, 1, 0;
    %assign/v0 v011DC050_0, 0, 0;
    %ix/load 0, 1, 0;
    %assign/v0 v011DBDE8_0, 0, 1;
    %ix/load 0, 1, 0;
    %assign/v0 v011DC2B8_0, 0, 1;
    %ix/load 1, 28, 0;
    %mov 4, 0, 1;
    %jmp/1 T_12.9, 4;
    %load/x1p 8, v011DC208_0, 1;
    %jmp T_12.10;
T_12.9 ;
    %mov 8, 2, 1;
T_12.10 ;
; Save base=8 wid=1 in lookaside.
    %jmp/0xz  T_12.11, 8;
    %set/v v011DC418_0, 1, 1;
    %jmp T_12.12;
T_12.11 ;
    %set/v v011DC418_0, 0, 1;
T_12.12 ;
    %ix/load 1, 29, 0;
    %mov 4, 0, 1;
    %jmp/1 T_12.13, 4;
    %load/x1p 8, v011DC208_0, 1;
    %jmp T_12.14;
T_12.13 ;
    %mov 8, 2, 1;
T_12.14 ;
; Save base=8 wid=1 in lookaside.
    %cmpi/u 8, 1, 1;
    %jmp/1 T_12.15, 6;
    %cmpi/u 8, 0, 1;
    %jmp/1 T_12.16, 6;
    %jmp T_12.17;
T_12.15 ;
    %ix/load 0, 1, 0;
    %assign/v0 v011DA630_0, 0, 1;
    %set/v v011DC260_0, 0, 2;
    %ix/load 0, 1, 0;
    %assign/v0 v011DC158_0, 0, 0;
    %ix/load 1, 25, 0;
    %mov 4, 0, 1;
    %jmp/1 T_12.18, 4;
    %load/x1p 8, v011DC208_0, 3;
    %jmp T_12.19;
T_12.18 ;
    %mov 8, 2, 3;
T_12.19 ;
; Save base=8 wid=3 in lookaside.
    %cmpi/u 8, 0, 3;
    %jmp/1 T_12.20, 6;
    %cmpi/u 8, 1, 3;
    %jmp/1 T_12.21, 6;
    %cmpi/u 8, 2, 3;
    %jmp/1 T_12.22, 6;
    %cmpi/u 8, 3, 3;
    %jmp/1 T_12.23, 6;
    %cmpi/u 8, 4, 3;
    %jmp/1 T_12.24, 6;
    %cmpi/u 8, 5, 3;
    %jmp/1 T_12.25, 6;
    %cmpi/u 8, 6, 3;
    %jmp/1 T_12.26, 6;
    %cmpi/u 8, 7, 3;
    %jmp/1 T_12.27, 6;
    %jmp T_12.28;
T_12.20 ;
    %set/v v011DC3C0_0, 1, 1;
    %jmp T_12.28;
T_12.21 ;
    %jmp T_12.28;
T_12.22 ;
    %jmp T_12.28;
T_12.23 ;
    %jmp T_12.28;
T_12.24 ;
    %jmp T_12.28;
T_12.25 ;
    %jmp T_12.28;
T_12.26 ;
    %jmp T_12.28;
T_12.27 ;
    %jmp T_12.28;
T_12.28 ;
    %jmp T_12.17;
T_12.16 ;
    %ix/load 0, 1, 0;
    %assign/v0 v011DA630_0, 0, 0;
    %ix/load 0, 1, 0;
    %assign/v0 v011DC158_0, 0, 0;
    %ix/load 1, 25, 0;
    %mov 4, 0, 1;
    %jmp/1 T_12.29, 4;
    %load/x1p 8, v011DC208_0, 3;
    %jmp T_12.30;
T_12.29 ;
    %mov 8, 2, 3;
T_12.30 ;
; Save base=8 wid=3 in lookaside.
    %cmpi/u 8, 0, 3;
    %jmp/1 T_12.31, 6;
    %cmpi/u 8, 1, 3;
    %jmp/1 T_12.32, 6;
    %cmpi/u 8, 2, 3;
    %jmp/1 T_12.33, 6;
    %cmpi/u 8, 3, 3;
    %jmp/1 T_12.34, 6;
    %cmpi/u 8, 4, 3;
    %jmp/1 T_12.35, 6;
    %cmpi/u 8, 5, 3;
    %jmp/1 T_12.36, 6;
    %cmpi/u 8, 6, 3;
    %jmp/1 T_12.37, 6;
    %jmp T_12.38;
T_12.31 ;
    %movi 8, 1, 2;
    %set/v v011DC260_0, 8, 2;
    %jmp T_12.38;
T_12.32 ;
    %movi 8, 2, 2;
    %set/v v011DC260_0, 8, 2;
    %jmp T_12.38;
T_12.33 ;
    %set/v v011DC260_0, 0, 2;
    %set/v v011DA000_0, 1, 1;
    %jmp T_12.38;
T_12.34 ;
    %ix/load 0, 1, 0;
    %assign/v0 v011DC050_0, 0, 1;
    %set/v v011DC260_0, 0, 2;
    %jmp T_12.38;
T_12.35 ;
    %set/v v011DC260_0, 0, 2;
    %ix/load 0, 1, 0;
    %assign/v0 v011DC158_0, 0, 1;
    %jmp T_12.38;
T_12.36 ;
    %set/v v011DC260_0, 0, 2;
    %ix/load 0, 1, 0;
    %assign/v0 v011DC158_0, 0, 1;
    %jmp T_12.38;
T_12.37 ;
    %set/v v011DC260_0, 1, 2;
    %jmp T_12.38;
T_12.38 ;
    %jmp T_12.17;
T_12.17 ;
    %jmp T_12.8;
T_12.5 ;
    %set/v v011DC3C0_0, 0, 1;
    %ix/load 0, 1, 0;
    %assign/v0 v011DC100_0, 0, 0;
    %ix/load 0, 1, 0;
    %assign/v0 v011DC0A8_0, 0, 0;
    %set/v v011DC260_0, 0, 2;
    %ix/load 0, 1, 0;
    %assign/v0 v011DC158_0, 0, 0;
    %ix/load 0, 1, 0;
    %assign/v0 v011DBDE8_0, 0, 1;
    %ix/load 0, 1, 0;
    %assign/v0 v011DC2B8_0, 0, 0;
    %set/v v011DA000_0, 0, 1;
    %ix/load 1, 28, 0;
    %mov 4, 0, 1;
    %jmp/1 T_12.39, 4;
    %load/x1p 8, v011DC208_0, 1;
    %jmp T_12.40;
T_12.39 ;
    %mov 8, 2, 1;
T_12.40 ;
; Save base=8 wid=1 in lookaside.
    %jmp/0xz  T_12.41, 8;
    %set/v v011DC418_0, 1, 1;
    %jmp T_12.42;
T_12.41 ;
    %set/v v011DC418_0, 0, 1;
T_12.42 ;
    %ix/load 0, 1, 0;
    %assign/v0 v011DA630_0, 0, 1;
    %ix/load 1, 25, 0;
    %mov 4, 0, 1;
    %jmp/1 T_12.43, 4;
    %load/x1p 8, v011DC208_0, 3;
    %jmp T_12.44;
T_12.43 ;
    %mov 8, 2, 3;
T_12.44 ;
; Save base=8 wid=3 in lookaside.
    %cmpi/u 8, 0, 3;
    %jmp/1 T_12.45, 6;
    %cmpi/u 8, 1, 3;
    %jmp/1 T_12.46, 6;
    %cmpi/u 8, 2, 3;
    %jmp/1 T_12.47, 6;
    %cmpi/u 8, 3, 3;
    %jmp/1 T_12.48, 6;
    %cmpi/u 8, 4, 3;
    %jmp/1 T_12.49, 6;
    %cmpi/u 8, 5, 3;
    %jmp/1 T_12.50, 6;
    %cmpi/u 8, 6, 3;
    %jmp/1 T_12.51, 6;
    %cmpi/u 8, 7, 3;
    %jmp/1 T_12.52, 6;
    %jmp T_12.53;
T_12.45 ;
    %set/v v011DC3C0_0, 1, 1;
    %jmp T_12.53;
T_12.46 ;
    %jmp T_12.53;
T_12.47 ;
    %jmp T_12.53;
T_12.48 ;
    %jmp T_12.53;
T_12.49 ;
    %jmp T_12.53;
T_12.50 ;
    %jmp T_12.53;
T_12.51 ;
    %jmp T_12.53;
T_12.52 ;
    %jmp T_12.53;
T_12.53 ;
    %jmp T_12.8;
T_12.6 ;
    %set/v v011DC3C0_0, 0, 1;
    %set/v v011DC260_0, 0, 2;
    %ix/load 0, 1, 0;
    %assign/v0 v011DC158_0, 0, 0;
    %ix/load 0, 1, 0;
    %assign/v0 v011DC2B8_0, 0, 1;
    %set/v v011DC418_0, 0, 1;
    %set/v v011DA000_0, 0, 1;
    %ix/load 1, 25, 0;
    %mov 4, 0, 1;
    %jmp/1 T_12.54, 4;
    %load/x1p 8, v011DC208_0, 1;
    %jmp T_12.55;
T_12.54 ;
    %mov 8, 2, 1;
T_12.55 ;
; Save base=8 wid=1 in lookaside.
    %cmpi/u 8, 0, 1;
    %jmp/1 T_12.56, 6;
    %cmpi/u 8, 1, 1;
    %jmp/1 T_12.57, 6;
    %jmp T_12.58;
T_12.56 ;
    %ix/load 0, 1, 0;
    %assign/v0 v011DC100_0, 0, 1;
    %ix/load 0, 1, 0;
    %assign/v0 v011DC0A8_0, 0, 0;
    %ix/load 0, 1, 0;
    %assign/v0 v011DBDE8_0, 0, 1;
    %jmp T_12.58;
T_12.57 ;
    %ix/load 0, 1, 0;
    %assign/v0 v011DC100_0, 0, 0;
    %ix/load 0, 1, 0;
    %assign/v0 v011DC0A8_0, 0, 1;
    %ix/load 0, 1, 0;
    %assign/v0 v011DBDE8_0, 0, 0;
    %jmp T_12.58;
T_12.58 ;
    %jmp T_12.8;
T_12.7 ;
    %set/v v011DC3C0_0, 0, 1;
    %set/v v011DA000_0, 0, 1;
    %ix/load 0, 1, 0;
    %assign/v0 v011DBDE8_0, 0, 0;
    %set/v v011DC260_0, 0, 2;
    %set/v v011DC418_0, 0, 1;
    %ix/load 0, 1, 0;
    %assign/v0 v011DC158_0, 0, 0;
    %ix/load 1, 28, 0;
    %mov 4, 0, 1;
    %jmp/1 T_12.59, 4;
    %load/x1p 8, v011DC208_0, 1;
    %jmp T_12.60;
T_12.59 ;
    %mov 8, 2, 1;
T_12.60 ;
; Save base=8 wid=1 in lookaside.
    %jmp/0xz  T_12.61, 8;
    %ix/load 0, 1, 0;
    %assign/v0 v011DBFA0_0, 0, 1;
    %jmp T_12.62;
T_12.61 ;
    %ix/load 1, 27, 0;
    %mov 4, 0, 1;
    %jmp/1 T_12.63, 4;
    %load/x1p 8, v011DC208_0, 1;
    %jmp T_12.64;
T_12.63 ;
    %mov 8, 2, 1;
T_12.64 ;
; Save base=8 wid=1 in lookaside.
    %jmp/0xz  T_12.65, 8;
    %jmp T_12.66;
T_12.65 ;
    %ix/load 1, 25, 0;
    %mov 4, 0, 1;
    %jmp/1 T_12.67, 4;
    %load/x1p 8, v011DC208_0, 2;
    %jmp T_12.68;
T_12.67 ;
    %mov 8, 2, 2;
T_12.68 ;
; Save base=8 wid=2 in lookaside.
    %cmpi/u 8, 0, 2;
    %jmp/1 T_12.69, 6;
    %cmpi/u 8, 1, 2;
    %jmp/1 T_12.70, 6;
    %cmpi/u 8, 2, 2;
    %jmp/1 T_12.71, 6;
    %jmp T_12.72;
T_12.69 ;
    %jmp T_12.72;
T_12.70 ;
    %jmp T_12.72;
T_12.71 ;
    %jmp T_12.72;
T_12.72 ;
T_12.66 ;
T_12.62 ;
    %jmp T_12.8;
T_12.8 ;
    %jmp T_12;
    .thread T_12, $push;
    .scope S_0118B6F8;
T_13 ;
    %set/v v011DA9F8_0, 0, 1;
    %set/v v011D9470_0, 0, 1;
    %set/v v011D9680_0, 0, 1;
    %set/v v011D8E40_0, 0, 1;
    %end;
    .thread T_13;
    .scope S_0118B6F8;
T_14 ;
    %wait E_01193AF8;
    %set/v v011D9730_0, 0, 1;
    %set/v v011D96D8_0, 0, 1;
    %load/v 8, v011D92B8_0, 1;
    %jmp/0xz  T_14.0, 8;
    %load/v 8, v011D9418_0, 3;
    %cmpi/u 8, 1, 3;
    %jmp/1 T_14.2, 6;
    %cmpi/u 8, 2, 3;
    %jmp/1 T_14.3, 6;
    %cmpi/u 8, 3, 3;
    %jmp/1 T_14.4, 6;
    %cmpi/u 8, 4, 3;
    %jmp/1 T_14.5, 6;
    %cmpi/u 8, 5, 3;
    %jmp/1 T_14.6, 6;
    %cmpi/u 8, 6, 3;
    %jmp/1 T_14.7, 6;
    %set/v v011D8F48_0, 0, 32;
    %jmp T_14.9;
T_14.2 ;
    %load/v 8, v011D95D0_0, 32;
    %mov 40, 0, 1;
    %load/v 41, v011D9628_0, 32;
    %mov 73, 0, 1;
    %add 8, 41, 33;
    %ix/load 0, 33, 0;
    %assign/v0 v011DAAA8_0, 0, 8;
    %load/v 8, v011DAAA8_0, 32; Only need 32 of 33 bits
; Save base=8 wid=32 in lookaside.
    %ix/load 0, 32, 0;
    %assign/v0 v011D8F48_0, 0, 8;
    %ix/load 1, 32, 0;
    %mov 4, 0, 1;
    %jmp/1 T_14.10, 4;
    %load/x1p 8, v011DAAA8_0, 1;
    %jmp T_14.11;
T_14.10 ;
    %mov 8, 2, 1;
T_14.11 ;
; Save base=8 wid=1 in lookaside.
    %set/v v011D9730_0, 8, 1;
    %ix/load 1, 31, 0;
    %mov 4, 0, 1;
    %jmp/1 T_14.12, 4;
    %load/x1p 8, v011D95D0_0, 1;
    %jmp T_14.13;
T_14.12 ;
    %mov 8, 2, 1;
T_14.13 ;
; Save base=8 wid=1 in lookaside.
    %ix/load 1, 31, 0;
    %mov 4, 0, 1;
    %jmp/1 T_14.14, 4;
    %load/x1p 9, v011D9628_0, 1;
    %jmp T_14.15;
T_14.14 ;
    %mov 9, 2, 1;
T_14.15 ;
; Save base=9 wid=1 in lookaside.
    %cmp/u 8, 9, 1;
    %mov 8, 4, 1;
    %ix/load 1, 31, 0;
    %mov 4, 0, 1;
    %jmp/1 T_14.16, 4;
    %load/x1p 9, v011D8F48_0, 1;
    %jmp T_14.17;
T_14.16 ;
    %mov 9, 2, 1;
T_14.17 ;
; Save base=9 wid=1 in lookaside.
    %ix/load 1, 31, 0;
    %mov 4, 0, 1;
    %jmp/1 T_14.18, 4;
    %load/x1p 10, v011D95D0_0, 1;
    %jmp T_14.19;
T_14.18 ;
    %mov 10, 2, 1;
T_14.19 ;
; Save base=10 wid=1 in lookaside.
    %cmp/u 9, 10, 1;
    %inv 4, 1;
    %mov 9, 4, 1;
    %and 8, 9, 1;
    %set/v v011D96D8_0, 8, 1;
    %jmp T_14.9;
T_14.3 ;
    %load/v 8, v011D95D0_0, 32;
    %mov 40, 0, 1;
    %load/v 41, v011D9628_0, 32;
    %mov 73, 0, 1;
    %sub 8, 41, 33;
    %set/v v011DAAA8_0, 8, 33;
    %load/v 8, v011DAAA8_0, 32; Only need 32 of 33 bits
; Save base=8 wid=32 in lookaside.
    %set/v v011D8F48_0, 8, 32;
    %ix/load 1, 32, 0;
    %mov 4, 0, 1;
    %jmp/1 T_14.20, 4;
    %load/x1p 8, v011DAAA8_0, 1;
    %jmp T_14.21;
T_14.20 ;
    %mov 8, 2, 1;
T_14.21 ;
; Save base=8 wid=1 in lookaside.
    %inv 8, 1;
    %set/v v011D9730_0, 8, 1;
    %ix/load 1, 31, 0;
    %mov 4, 0, 1;
    %jmp/1 T_14.22, 4;
    %load/x1p 8, v011D95D0_0, 1;
    %jmp T_14.23;
T_14.22 ;
    %mov 8, 2, 1;
T_14.23 ;
; Save base=8 wid=1 in lookaside.
    %ix/load 1, 31, 0;
    %mov 4, 0, 1;
    %jmp/1 T_14.24, 4;
    %load/x1p 9, v011D9628_0, 1;
    %jmp T_14.25;
T_14.24 ;
    %mov 9, 2, 1;
T_14.25 ;
; Save base=9 wid=1 in lookaside.
    %cmp/u 8, 9, 1;
    %inv 4, 1;
    %mov 8, 4, 1;
    %ix/load 1, 31, 0;
    %mov 4, 0, 1;
    %jmp/1 T_14.26, 4;
    %load/x1p 9, v011D8F48_0, 1;
    %jmp T_14.27;
T_14.26 ;
    %mov 9, 2, 1;
T_14.27 ;
; Save base=9 wid=1 in lookaside.
    %ix/load 1, 31, 0;
    %mov 4, 0, 1;
    %jmp/1 T_14.28, 4;
    %load/x1p 10, v011D95D0_0, 1;
    %jmp T_14.29;
T_14.28 ;
    %mov 10, 2, 1;
T_14.29 ;
; Save base=10 wid=1 in lookaside.
    %cmp/u 9, 10, 1;
    %inv 4, 1;
    %mov 9, 4, 1;
    %and 8, 9, 1;
    %set/v v011D96D8_0, 8, 1;
    %jmp T_14.9;
T_14.4 ;
    %load/v 8, v011D95D0_0, 32;
    %load/v 40, v011D9628_0, 32;
    %and 8, 40, 32;
    %set/v v011D8F48_0, 8, 32;
    %jmp T_14.9;
T_14.5 ;
    %load/v 8, v011D95D0_0, 32;
    %load/v 40, v011D9628_0, 32;
    %or 8, 40, 32;
    %set/v v011D8F48_0, 8, 32;
    %jmp T_14.9;
T_14.6 ;
    %load/v 8, v011D95D0_0, 32;
    %load/v 40, v011D9628_0, 32;
    %xor 8, 40, 32;
    %set/v v011D8F48_0, 8, 32;
    %jmp T_14.9;
T_14.7 ;
    %load/v 8, v011D95D0_0, 32;
    %inv 8, 32;
    %set/v v011D8F48_0, 8, 32;
    %jmp T_14.9;
T_14.9 ;
T_14.0 ;
    %load/v 8, v011D8F48_0, 32;
    %cmpi/u 8, 0, 32;
    %mov 8, 4, 1;
    %set/v v011DA8F0_0, 8, 1;
    %ix/load 1, 31, 0;
    %mov 4, 0, 1;
    %jmp/1 T_14.30, 4;
    %load/x1p 8, v011D8F48_0, 1;
    %jmp T_14.31;
T_14.30 ;
    %mov 8, 2, 1;
T_14.31 ;
; Save base=8 wid=1 in lookaside.
    %set/v v011D9578_0, 8, 1;
    %load/v 8, v011D94C8_0, 1;
    %jmp/0xz  T_14.32, 8;
    %load/v 8, v011DA8F0_0, 1;
    %set/v v011DA9F8_0, 8, 1;
    %load/v 8, v011D96D8_0, 1;
    %set/v v011D9680_0, 8, 1;
    %load/v 8, v011D9730_0, 1;
    %set/v v011D9470_0, 8, 1;
    %load/v 8, v011D9578_0, 1;
    %set/v v011D8E40_0, 8, 1;
T_14.32 ;
    %jmp T_14;
    .thread T_14, $push;
    .scope S_0118B5E8;
T_15 ;
    %wait E_01193C38;
    %load/v 8, v011D9E48_0, 1;
    %jmp/0xz  T_15.0, 8;
    %load/v 8, v011DA528_0, 32;
    %ix/load 0, 32, 0;
    %assign/v0 v011DA478_0, 0, 8;
    %jmp T_15.1;
T_15.0 ;
    %load/v 8, v011DA5D8_0, 32;
    %ix/load 0, 32, 0;
    %assign/v0 v011DA478_0, 0, 8;
T_15.1 ;
    %load/v 8, v011DA3C8_0, 1;
    %jmp/0xz  T_15.2, 8;
    %load/v 8, v011D9EF8_0, 32;
    %ix/load 0, 32, 0;
    %assign/v0 v011D9F50_0, 0, 8;
    %jmp T_15.3;
T_15.2 ;
    %load/v 8, v011D9E48_0, 1;
    %jmp/0xz  T_15.4, 8;
    %load/v 8, v011DA738_0, 32;
    %ix/load 0, 32, 0;
    %assign/v0 v011D9F50_0, 0, 8;
    %jmp T_15.5;
T_15.4 ;
    %load/v 8, v011D9CE8_0, 32;
    %ix/load 0, 32, 0;
    %assign/v0 v011D9F50_0, 0, 8;
T_15.5 ;
T_15.3 ;
    %jmp T_15;
    .thread T_15, $push;
    .scope S_0118B5E8;
T_16 ;
    %wait E_01193E38;
    %load/v 8, v011D9DF0_0, 4;
    %mov 12, 0, 28;
    %set/v v011DA2C0_0, 8, 32;
    %load/v 8, v011DA210_0, 4;
    %cmpi/u 8, 0, 4;
    %jmp/1 T_16.0, 6;
    %cmpi/u 8, 1, 4;
    %jmp/1 T_16.1, 6;
    %cmpi/u 8, 2, 4;
    %jmp/1 T_16.2, 6;
    %cmpi/u 8, 3, 4;
    %jmp/1 T_16.3, 6;
    %cmpi/u 8, 4, 4;
    %jmp/1 T_16.4, 6;
    %cmpi/u 8, 5, 4;
    %jmp/1 T_16.5, 6;
    %cmpi/u 8, 6, 4;
    %jmp/1 T_16.6, 6;
    %cmpi/u 8, 7, 4;
    %jmp/1 T_16.7, 6;
    %cmpi/u 8, 8, 4;
    %jmp/1 T_16.8, 6;
    %cmpi/u 8, 9, 4;
    %jmp/1 T_16.9, 6;
    %cmpi/u 8, 10, 4;
    %jmp/1 T_16.10, 6;
    %cmpi/u 8, 11, 4;
    %jmp/1 T_16.11, 6;
    %cmpi/u 8, 12, 4;
    %jmp/1 T_16.12, 6;
    %cmpi/u 8, 13, 4;
    %jmp/1 T_16.13, 6;
    %cmpi/u 8, 14, 4;
    %jmp/1 T_16.14, 6;
    %cmpi/u 8, 15, 4;
    %jmp/1 T_16.15, 6;
    %set/v v011DA268_0, 0, 1;
    %jmp T_16.17;
T_16.0 ;
    %load/v 8, v011DA580_0, 1;
    %set/v v011DA268_0, 8, 1;
    %jmp T_16.17;
T_16.1 ;
    %load/v 8, v011DA580_0, 1;
    %inv 8, 1;
    %set/v v011DA268_0, 8, 1;
    %jmp T_16.17;
T_16.2 ;
    %load/v 8, v011D9C90_0, 1;
    %set/v v011DA268_0, 8, 1;
    %jmp T_16.17;
T_16.3 ;
    %load/v 8, v011D9C90_0, 1;
    %inv 8, 1;
    %set/v v011DA268_0, 8, 1;
    %jmp T_16.17;
T_16.4 ;
    %load/v 8, v011DA318_0, 1;
    %set/v v011DA268_0, 8, 1;
    %jmp T_16.17;
T_16.5 ;
    %load/v 8, v011DA318_0, 1;
    %inv 8, 1;
    %set/v v011DA268_0, 8, 1;
    %jmp T_16.17;
T_16.6 ;
    %load/v 8, v011D9D40_0, 1;
    %set/v v011DA268_0, 8, 1;
    %jmp T_16.17;
T_16.7 ;
    %load/v 8, v011D9D40_0, 1;
    %inv 8, 1;
    %set/v v011DA268_0, 8, 1;
    %jmp T_16.17;
T_16.8 ;
    %load/v 8, v011D9C90_0, 1;
    %load/v 9, v011DA580_0, 1;
    %inv 9, 1;
    %and 8, 9, 1;
    %set/v v011DA268_0, 8, 1;
    %jmp T_16.17;
T_16.9 ;
    %load/v 8, v011D9C90_0, 1;
    %inv 8, 1;
    %load/v 9, v011DA580_0, 1;
    %or 8, 9, 1;
    %set/v v011DA268_0, 8, 1;
    %jmp T_16.17;
T_16.10 ;
    %load/v 8, v011DA318_0, 1;
    %load/v 9, v011D9D40_0, 1;
    %cmp/u 8, 9, 1;
    %mov 8, 4, 1;
    %set/v v011DA268_0, 8, 1;
    %jmp T_16.17;
T_16.11 ;
    %load/v 8, v011DA318_0, 1;
    %load/v 9, v011D9D40_0, 1;
    %cmp/u 8, 9, 1;
    %inv 4, 1;
    %mov 8, 4, 1;
    %set/v v011DA268_0, 8, 1;
    %jmp T_16.17;
T_16.12 ;
    %load/v 8, v011DA580_0, 1;
    %inv 8, 1;
    %load/v 9, v011DA318_0, 1;
    %load/v 10, v011D9D40_0, 1;
    %cmp/u 9, 10, 1;
    %mov 9, 4, 1;
    %and 8, 9, 1;
    %set/v v011DA268_0, 8, 1;
    %jmp T_16.17;
T_16.13 ;
    %load/v 8, v011DA580_0, 1;
    %inv 8, 1;
    %load/v 9, v011DA318_0, 1;
    %load/v 10, v011D9D40_0, 1;
    %cmp/u 9, 10, 1;
    %mov 9, 4, 1;
    %and 8, 9, 1;
    %inv 8, 1;
    %set/v v011DA268_0, 8, 1;
    %jmp T_16.17;
T_16.14 ;
    %set/v v011DA268_0, 1, 1;
    %jmp T_16.17;
T_16.15 ;
    %set/v v011DA268_0, 0, 1;
    %jmp T_16.17;
T_16.17 ;
    %load/v 8, v011D9D98_0, 1;
    %jmp/0xz  T_16.18, 8;
    %load/v 8, v011DA1B8_0, 3;
    %cmpi/u 8, 4, 3;
    %jmp/1 T_16.20, 6;
    %cmpi/u 8, 5, 3;
    %jmp/1 T_16.21, 6;
    %ix/load 0, 32, 0;
    %assign/v0 v011DA6E0_0, 0, 0;
    %jmp T_16.23;
T_16.20 ;
    %load/v 8, v011DA5D8_0, 32;
    %load/v 40, v011DA370_0, 16;
    %ix/get 0, 40, 16;
    %shiftl/i0  8, 32;
    %ix/load 0, 32, 0;
    %assign/v0 v011DA6E0_0, 0, 8;
    %jmp T_16.23;
T_16.21 ;
    %load/v 8, v011DA5D8_0, 32;
    %load/v 40, v011DA370_0, 16;
    %ix/get 0, 40, 16;
    %shiftr/i0  8, 32;
    %ix/load 0, 32, 0;
    %assign/v0 v011DA6E0_0, 0, 8;
    %jmp T_16.23;
T_16.23 ;
T_16.18 ;
    %jmp T_16;
    .thread T_16, $push;
    .scope S_0118B670;
T_17 ;
    %wait E_01193A98;
    %set/v v011D9260_0, 0, 1;
    %set/v v011D8DE8_0, 0, 1;
    %load/v 8, v011D91B0_0, 32;
    %set/v v011D9208_0, 8, 32;
    %load/v 8, v011D8E98_0, 1;
    %jmp/0xz  T_17.0, 8;
    %set/v v011D9260_0, 1, 1;
    %set/v v011D8DE8_0, 0, 1;
    %jmp T_17.1;
T_17.0 ;
    %load/v 8, v011D8EF0_0, 1;
    %jmp/0xz  T_17.2, 8;
    %set/v v011D9260_0, 0, 1;
    %set/v v011D8DE8_0, 1, 1;
    %jmp T_17.3;
T_17.2 ;
    %set/v v011D9260_0, 0, 1;
    %set/v v011D8DE8_0, 0, 1;
T_17.3 ;
T_17.1 ;
    %jmp T_17;
    .thread T_17, $push;
    .scope S_0118C660;
T_18 ;
    %wait E_01193D58;
    %load/v 8, v011D9368_0, 1;
    %jmp/0xz  T_18.0, 8;
    %load/v 8, v011D90A8_0, 2;
    %cmpi/u 8, 0, 2;
    %jmp/1 T_18.2, 6;
    %cmpi/u 8, 1, 2;
    %jmp/1 T_18.3, 6;
    %cmpi/u 8, 2, 2;
    %jmp/1 T_18.4, 6;
    %cmpi/u 8, 3, 2;
    %jmp/1 T_18.5, 6;
    %jmp T_18.6;
T_18.2 ;
    %load/v 8, v011D9520_0, 1;
    %jmp/0xz  T_18.7, 8;
    %load/v 8, v011D8C88_0, 32;
    %ix/load 0, 32, 0;
    %assign/v0 v011D93C0_0, 0, 8;
    %jmp T_18.8;
T_18.7 ;
    %load/v 8, v011D8D38_0, 1;
    %jmp/0xz  T_18.9, 8;
    %ix/load 0, 32, 0;
    %assign/v0 v011D93C0_0, 0, 0;
    %jmp T_18.10;
T_18.9 ;
    %load/v 8, v011D9158_0, 1;
    %jmp/0xz  T_18.11, 8;
    %movi 8, 1, 32;
    %ix/load 0, 32, 0;
    %assign/v0 v011D93C0_0, 0, 8;
    %jmp T_18.12;
T_18.11 ;
    %load/v 8, v011D8FF8_0, 32;
    %ix/load 0, 32, 0;
    %assign/v0 v011D93C0_0, 0, 8;
T_18.12 ;
T_18.10 ;
T_18.8 ;
    %jmp T_18.6;
T_18.3 ;
    %load/v 8, v011D9310_0, 1;
    %jmp/0xz  T_18.13, 8;
    %load/v 8, v011D8CE0_0, 16;
    %mov 24, 0, 16;
    %ix/load 0, 32, 0;
    %assign/v0 v011D93C0_0, 0, 8;
    %jmp T_18.14;
T_18.13 ;
    %load/v 8, v011D8FA0_0, 32;
    %ix/load 0, 32, 0;
    %assign/v0 v011D93C0_0, 0, 8;
T_18.14 ;
    %jmp T_18.6;
T_18.4 ;
    %mov 8, 0, 16;
    %load/v 24, v011D8CE0_0, 16;
    %ix/load 0, 32, 0;
    %assign/v0 v011D93C0_0, 0, 8;
    %jmp T_18.6;
T_18.5 ;
    %load/v 8, v011D9050_0, 32;
    %ix/load 0, 32, 0;
    %assign/v0 v011D93C0_0, 0, 8;
    %jmp T_18.6;
T_18.6 ;
    %jmp T_18.1;
T_18.0 ;
    %load/v 8, v011D90A8_0, 2;
    %cmpi/u 8, 0, 2;
    %jmp/1 T_18.15, 6;
    %cmpi/u 8, 1, 2;
    %jmp/1 T_18.16, 6;
    %cmpi/u 8, 2, 2;
    %jmp/1 T_18.17, 6;
    %cmpi/u 8, 3, 2;
    %jmp/1 T_18.18, 6;
    %jmp T_18.19;
T_18.15 ;
    %load/v 8, v011D9520_0, 1;
    %jmp/0xz  T_18.20, 8;
    %load/v 8, v011D8C88_0, 32;
    %ix/load 0, 32, 0;
    %assign/v0 v011D8D90_0, 0, 8;
    %jmp T_18.21;
T_18.20 ;
    %load/v 8, v011D8D38_0, 1;
    %jmp/0xz  T_18.22, 8;
    %ix/load 0, 32, 0;
    %assign/v0 v011D8D90_0, 0, 0;
    %jmp T_18.23;
T_18.22 ;
    %load/v 8, v011D9158_0, 1;
    %jmp/0xz  T_18.24, 8;
    %movi 8, 1, 32;
    %ix/load 0, 32, 0;
    %assign/v0 v011D8D90_0, 0, 8;
    %jmp T_18.25;
T_18.24 ;
    %load/v 8, v011D8FF8_0, 32;
    %ix/load 0, 32, 0;
    %assign/v0 v011D8D90_0, 0, 8;
T_18.25 ;
T_18.23 ;
T_18.21 ;
    %jmp T_18.19;
T_18.16 ;
    %load/v 8, v011D9310_0, 1;
    %jmp/0xz  T_18.26, 8;
    %load/v 8, v011D8CE0_0, 16;
    %mov 24, 0, 16;
    %ix/load 0, 32, 0;
    %assign/v0 v011D8D90_0, 0, 8;
    %jmp T_18.27;
T_18.26 ;
    %load/v 8, v011D8FA0_0, 32;
    %ix/load 0, 32, 0;
    %assign/v0 v011D8D90_0, 0, 8;
T_18.27 ;
    %jmp T_18.19;
T_18.17 ;
    %mov 8, 0, 16;
    %load/v 24, v011D8CE0_0, 16;
    %ix/load 0, 32, 0;
    %assign/v0 v011D8D90_0, 0, 8;
    %jmp T_18.19;
T_18.18 ;
    %load/v 8, v011D9050_0, 32;
    %ix/load 0, 32, 0;
    %assign/v0 v011D8D90_0, 0, 8;
    %jmp T_18.19;
T_18.19 ;
T_18.1 ;
    %jmp T_18;
    .thread T_18, $push;
    .scope S_0118C3B8;
T_19 ;
    %wait E_01193C58;
    %ix/getv 3, v011D98E8_0;
    %load/av 8, v011D9100, 8;
    %ix/load 0, 8, 0;
    %ix/load 1, 24, 0;
    %assign/v0/x1 v011D9890_0, 0, 8;
    %ix/load 0, 1, 0;
    %load/vp0 16, v011D98E8_0, 32;
    %ix/get 3, 16, 32;
    %load/av 8, v011D9100, 8;
    %ix/load 0, 8, 0;
    %ix/load 1, 16, 0;
    %assign/v0/x1 v011D9890_0, 0, 8;
    %ix/load 0, 2, 0;
    %load/vp0 16, v011D98E8_0, 32;
    %ix/get 3, 16, 32;
    %load/av 8, v011D9100, 8;
    %ix/load 0, 8, 0;
    %ix/load 1, 8, 0;
    %assign/v0/x1 v011D9890_0, 0, 8;
    %ix/load 0, 3, 0;
    %load/vp0 16, v011D98E8_0, 32;
    %ix/get 3, 16, 32;
    %load/av 8, v011D9100, 8;
    %ix/load 0, 8, 0;
    %ix/load 1, 0, 0;
    %assign/v0/x1 v011D9890_0, 0, 8;
    %jmp T_19;
    .thread T_19, $push;
    .scope S_0118C3B8;
T_20 ;
    %wait E_01193BF8;
    %ix/getv 3, v011D9A48_0;
    %load/av 8, v011D9100, 8;
    %ix/load 0, 8, 0;
    %ix/load 1, 24, 0;
    %assign/v0/x1 v011D9AA0_0, 0, 8;
    %ix/load 0, 1, 0;
    %load/vp0 16, v011D9A48_0, 32;
    %ix/get 3, 16, 32;
    %load/av 8, v011D9100, 8;
    %ix/load 0, 8, 0;
    %ix/load 1, 16, 0;
    %assign/v0/x1 v011D9AA0_0, 0, 8;
    %ix/load 0, 2, 0;
    %load/vp0 16, v011D9A48_0, 32;
    %ix/get 3, 16, 32;
    %load/av 8, v011D9100, 8;
    %ix/load 0, 8, 0;
    %ix/load 1, 8, 0;
    %assign/v0/x1 v011D9AA0_0, 0, 8;
    %ix/load 0, 3, 0;
    %load/vp0 16, v011D9A48_0, 32;
    %ix/get 3, 16, 32;
    %load/av 8, v011D9100, 8;
    %ix/load 0, 8, 0;
    %ix/load 1, 0, 0;
    %assign/v0/x1 v011D9AA0_0, 0, 8;
    %jmp T_20;
    .thread T_20, $push;
    .scope S_0118C3B8;
T_21 ;
    %vpi_call 13 27 "$readmemh", "output.mem", v011D9100;
    %end;
    .thread T_21;
    .scope S_0118C3B8;
T_22 ;
    %wait E_01193DB8;
    %load/v 8, v011D9C00_0, 1;
    %jmp/0xz  T_22.0, 8;
    %ix/load 1, 24, 0;
    %mov 4, 0, 1;
    %jmp/1 T_22.2, 4;
    %load/x1p 8, v011D9998_0, 8;
    %jmp T_22.3;
T_22.2 ;
    %mov 8, 2, 8;
T_22.3 ;
; Save base=8 wid=8 in lookaside.
    %ix/getv 3, v011D9A48_0;
    %jmp/1 t_6, 4;
    %ix/load 0, 8, 0; word width
    %ix/load 1, 0, 0; part off
    %assign/av v011D9100, 0, 8;
t_6 ;
    %ix/load 1, 16, 0;
    %mov 4, 0, 1;
    %jmp/1 T_22.4, 4;
    %load/x1p 8, v011D9998_0, 8;
    %jmp T_22.5;
T_22.4 ;
    %mov 8, 2, 8;
T_22.5 ;
; Save base=8 wid=8 in lookaside.
    %ix/load 0, 1, 0;
    %load/vp0 16, v011D9A48_0, 32;
    %ix/get 3, 16, 32;
    %jmp/1 t_7, 4;
    %ix/load 0, 8, 0; word width
    %ix/load 1, 0, 0; part off
    %assign/av v011D9100, 0, 8;
t_7 ;
    %ix/load 1, 8, 0;
    %mov 4, 0, 1;
    %jmp/1 T_22.6, 4;
    %load/x1p 8, v011D9998_0, 8;
    %jmp T_22.7;
T_22.6 ;
    %mov 8, 2, 8;
T_22.7 ;
; Save base=8 wid=8 in lookaside.
    %ix/load 0, 2, 0;
    %load/vp0 16, v011D9A48_0, 32;
    %ix/get 3, 16, 32;
    %jmp/1 t_8, 4;
    %ix/load 0, 8, 0; word width
    %ix/load 1, 0, 0; part off
    %assign/av v011D9100, 0, 8;
t_8 ;
    %load/v 8, v011D9998_0, 8; Only need 8 of 32 bits
; Save base=8 wid=8 in lookaside.
    %ix/load 0, 3, 0;
    %load/vp0 16, v011D9A48_0, 32;
    %ix/get 3, 16, 32;
    %jmp/1 t_9, 4;
    %ix/load 0, 8, 0; word width
    %ix/load 1, 0, 0; part off
    %assign/av v011D9100, 0, 8;
t_9 ;
T_22.0 ;
    %load/v 8, v011D9AF8_0, 1;
    %jmp/0xz  T_22.8, 8;
    %vpi_call 13 53 "$writememh", "memory_dump.mem", v011D9100;
T_22.8 ;
    %jmp T_22;
    .thread T_22, $push;
    .scope S_0118BC48;
T_23 ;
    %set/v v011DF940_0, 0, 1;
    %end;
    .thread T_23;
    .scope S_0118BC48;
T_24 ;
    %set/v v011DFC58_0, 1, 1;
    %end;
    .thread T_24;
    .scope S_0118BC48;
T_25 ;
    %set/v v011DF578_0, 1, 1;
    %end;
    .thread T_25;
    .scope S_0118BC48;
T_26 ;
    %delay 5, 0;
    %load/v 8, v011DF940_0, 1;
    %inv 8, 1;
    %set/v v011DF940_0, 8, 1;
    %jmp T_26;
    .thread T_26;
    .scope S_0118BC48;
T_27 ;
    %movi 8, 3, 3;
T_27.0 %cmp/s 0, 8, 3;
    %jmp/0xz T_27.1, 5;
    %add 8, 1, 3;
    %wait E_01193C98;
    %jmp T_27.0;
T_27.1 ;
    %set/v v011DFC58_0, 0, 1;
    %end;
    .thread T_27;
    .scope S_0118BC48;
T_28 ;
    %vpi_call 2 37 "$dumpfile", "dump.vcd";
    %vpi_call 2 38 "$dumpvars", 1'sb0, S_0118BC48;
    %end;
    .thread T_28;
    .scope S_0118BC48;
T_29 ;
    %fork t_11, S_0118BCD0;
    %jmp t_10;
    .scope S_0118BCD0;
t_11 ;
T_29.0 ;
    %load/v 8, v011DFC00_0, 1;
    %cmpi/u 8, 1, 1;
    %inv 6, 1;
    %jmp/0xz T_29.1, 6;
    %wait E_01193E58;
    %jmp T_29.0;
T_29.1 ;
    %wait E_01193C98;
    %vpi_call 2 55 "$readmemh", "memory_dump.mem", v011DFBA8;
    %vpi_func 2 58 "$fopen", 8, 32, "dataoutput.csv", "r";
    %set/v v0122AD80_0, 8, 32;
    %load/v 8, v0122AD80_0, 32;
    %cmpi/u 8, 0, 32;
    %jmp/0xz  T_29.2, 4;
    %vpi_call 2 60 "$display", "ERROR: could not open dataoutput.csv";
    %vpi_call 2 61 "$finish";
T_29.2 ;
    %vpi_func 2 65 "$fgets", 8, 32, v011D9788_0, v0122AD80_0;
    %set/v v011D9940_0, 8, 32;
    %movi 8, 1, 32;
    %set/v v011D9BA8_0, 8, 32;
T_29.4 ;
    %vpi_func 2 69 "$feof", 8, 32, v0122AD80_0;
    %nor/r 8, 8, 32;
    %jmp/0xz T_29.5, 8;
    %load/v 8, v011D9BA8_0, 32;
    %mov 40, 39, 1;
    %addi 8, 1, 33;
    %set/v v011D9BA8_0, 8, 32;
    %vpi_func 2 71 "$fgets", 8, 32, v011D9788_0, v0122AD80_0;
    %cmpi/u 8, 0, 32;
    %inv 4, 1;
    %jmp/0xz  T_29.6, 4;
    %vpi_func 2 74 "$sscanf", 8, 32, v011D9788_0, "0x%h , 0x%h", v0122AD28_0, v011D97E0_0;
    %set/v v011D9940_0, 8, 32;
    %load/v 8, v011D9940_0, 32;
    %cmpi/u 8, 2, 32;
    %inv 4, 1;
    %jmp/0xz  T_29.8, 4;
    %vpi_func 2 75 "$sscanf", 8, 32, v011D9788_0, "0x%h,0x%h", v0122AD28_0, v011D97E0_0;
    %set/v v011D9940_0, 8, 32;
T_29.8 ;
    %load/v 8, v011D9940_0, 32;
    %cmpi/u 8, 2, 32;
    %inv 4, 1;
    %jmp/0xz  T_29.10, 4;
    %vpi_func 2 76 "$sscanf", 8, 32, v011D9788_0, "%h , %h", v0122AD28_0, v011D97E0_0;
    %set/v v011D9940_0, 8, 32;
T_29.10 ;
    %load/v 8, v011D9940_0, 32;
    %cmpi/u 8, 2, 32;
    %inv 4, 1;
    %jmp/0xz  T_29.12, 4;
    %vpi_func 2 77 "$sscanf", 8, 32, v011D9788_0, "%h,%h", v0122AD28_0, v011D97E0_0;
    %set/v v011D9940_0, 8, 32;
T_29.12 ;
    %load/v 8, v011D9940_0, 32;
    %cmpi/u 8, 2, 32;
    %jmp/0xz  T_29.14, 4;
    %movi 8, 65536, 33;
    %load/v 41, v0122AD28_0, 32;
    %mov 73, 0, 1;
    %addi 41, 3, 33;
    %cmp/u 8, 41, 33;
    %or 5, 4, 1;
    %jmp/0xz  T_29.16, 5;
    %vpi_call 2 82 "$display", "FAIL @ line %0d: addr 0x%08h out of range", v011D9BA8_0, v0122AD28_0;
    %vpi_call 2 83 "$finish";
T_29.16 ;
    %ix/load 0, 3, 0;
    %load/vp0 40, v0122AD28_0, 32;
    %ix/get 3, 40, 32;
    %load/av 8, v011DFBA8, 8;
    %ix/load 0, 2, 0;
    %load/vp0 40, v0122AD28_0, 32;
    %ix/get 3, 40, 32;
    %load/av 16, v011DFBA8, 8;
    %ix/load 0, 1, 0;
    %load/vp0 40, v0122AD28_0, 32;
    %ix/get 3, 40, 32;
    %load/av 24, v011DFBA8, 8;
    %ix/load 0, 0, 0;
    %load/vp0 40, v0122AD28_0, 32;
    %ix/get 3, 40, 32;
    %load/av 32, v011DFBA8, 8;
    %set/v v0122AEE0_0, 8, 32;
    %load/v 8, v0122AEE0_0, 32;
    %load/v 40, v011D97E0_0, 32;
    %cmp/u 8, 40, 32;
    %inv 6, 1;
    %jmp/0xz  T_29.18, 6;
    %vpi_call 2 88 "$display", "FAIL @ line %0d: addr=0x%08h got=0x%08h exp=0x%08h", v011D9BA8_0, v0122AD28_0, v0122AEE0_0, v011D97E0_0;
    %vpi_call 2 90 "$finish";
T_29.18 ;
T_29.14 ;
T_29.6 ;
    %jmp T_29.4;
T_29.5 ;
    %vpi_call 2 97 "$display", "PASS: all CSV memory values match DUT dump.";
    %vpi_call 2 98 "$fclose", v0122AD80_0;
    %vpi_call 2 99 "$finish";
    %end;
    .scope S_0118BC48;
t_10 %join;
    %end;
    .thread T_29;
# The file index is used to find the file name in the following table.
:file_names 14;
    "N/A";
    "<interactive>";
    "scc_tb.v";
    "scc_f25_top.v";
    "scc.v";
    "regs.v";
    "inf.v";
    "rom.v";
    "id.v";
    "exe.v";
    "alu.v";
    "mem.v";
    "wb.v";
    "instruction_and_data.v";
