Copyright 1986-2022 Xilinx, Inc. All Rights Reserved. Copyright 2022-2024 Advanced Micro Devices, Inc. All Rights Reserved.
--------------------------------------------------------------------------------------------------------------------------------------------------------------------
| Tool Version : Vivado v.2024.2 (win64) Build 5239630 Fri Nov 08 22:35:27 MST 2024
| Date         : Tue May 20 21:46:04 2025
| Host         : DESKTOP-7S5KLHF running 64-bit major release  (build 9200)
| Command      : report_methodology -file toggle_btn_methodology_drc_routed.rpt -pb toggle_btn_methodology_drc_routed.pb -rpx toggle_btn_methodology_drc_routed.rpx
| Design       : toggle_btn
| Device       : xc7a100tcsg324-1
| Speed File   : -1
| Design State : Fully Routed
--------------------------------------------------------------------------------------------------------------------------------------------------------------------

Report Methodology

Table of Contents
-----------------
1. REPORT SUMMARY
2. REPORT DETAILS

1. REPORT SUMMARY
-----------------
            Netlist: netlist
          Floorplan: design_1
      Design limits: <entire design considered>
             Max checks: <unlimited>
             Checks found: 2
+-----------+----------+-------------------------------+--------+
| Rule      | Severity | Description                   | Checks |
+-----------+----------+-------------------------------+--------+
| TIMING-18 | Warning  | Missing input or output delay | 2      |
+-----------+----------+-------------------------------+--------+

2. REPORT DETAILS
-----------------
TIMING-18#1 Warning
Missing input or output delay  
An input delay is missing on c_btn relative to the rising and/or falling clock edge(s) of sysclk.
Related violations: <none>

TIMING-18#2 Warning
Missing input or output delay  
An output delay is missing on LED relative to the rising and/or falling clock edge(s) of sysclk.
Related violations: <none>


